[2.680s] Invoking command in '/home/srooney/Documents/rbe500/hw1/build/examples_rclpy_minimal_publisher': PYTHONPATH=/home/srooney/Documents/rbe500/hw1/build/examples_rclpy_minimal_publisher/prefix_override:/home/srooney/Documents/rbe500/hw1/install/examples_rclpy_minimal_publisher/lib/python3.10/site-packages:${PYTHONPATH} /usr/bin/python3 setup.py develop --editable --build-directory /home/srooney/Documents/rbe500/hw1/build/examples_rclpy_minimal_publisher/build --no-deps install_data
[3.097s] running develop
[3.097s] /usr/lib/python3/dist-packages/setuptools/command/easy_install.py:158: EasyInstallDeprecationWarning: easy_install command is deprecated. Use build and pip and other standards-based tools.
[3.097s]   warnings.warn(
[3.099s] /usr/lib/python3/dist-packages/setuptools/command/install.py:34: SetuptoolsDeprecationWarning: setup.py install is deprecated. Use build and pip and other standards-based tools.
[3.100s]   warnings.warn(
[3.331s] running egg_info
[3.331s] creating examples_rclpy_minimal_publisher.egg-info
[3.332s] writing examples_rclpy_minimal_publisher.egg-info/PKG-INFO
[3.333s] writing dependency_links to examples_rclpy_minimal_publisher.egg-info/dependency_links.txt
[3.333s] writing entry points to examples_rclpy_minimal_publisher.egg-info/entry_points.txt
[3.333s] writing requirements to examples_rclpy_minimal_publisher.egg-info/requires.txt
[3.334s] writing top-level names to examples_rclpy_minimal_publisher.egg-info/top_level.txt
[3.334s] writing manifest file 'examples_rclpy_minimal_publisher.egg-info/SOURCES.txt'
[3.338s] reading manifest file 'examples_rclpy_minimal_publisher.egg-info/SOURCES.txt'
[3.339s] writing manifest file 'examples_rclpy_minimal_publisher.egg-info/SOURCES.txt'
[3.342s] running build_ext
[3.342s] Creating /home/srooney/Documents/rbe500/hw1/install/examples_rclpy_minimal_publisher/lib/python3.10/site-packages/examples-rclpy-minimal-publisher.egg-link (link to .)
[3.344s] Installing publisher_local_function script to /home/srooney/Documents/rbe500/hw1/install/examples_rclpy_minimal_publisher/lib/examples_rclpy_minimal_publisher
[3.344s] Installing publisher_member_function script to /home/srooney/Documents/rbe500/hw1/install/examples_rclpy_minimal_publisher/lib/examples_rclpy_minimal_publisher
[3.345s] Installing publisher_old_school script to /home/srooney/Documents/rbe500/hw1/install/examples_rclpy_minimal_publisher/lib/examples_rclpy_minimal_publisher
[3.345s] 
[3.345s] Installed /home/srooney/Documents/rbe500/hw1/build/examples_rclpy_minimal_publisher
[3.345s] running install_data
[3.345s] creating /home/srooney/Documents/rbe500/hw1/install/examples_rclpy_minimal_publisher/share/ament_index
[3.345s] creating /home/srooney/Documents/rbe500/hw1/install/examples_rclpy_minimal_publisher/share/ament_index/resource_index
[3.346s] creating /home/srooney/Documents/rbe500/hw1/install/examples_rclpy_minimal_publisher/share/ament_index/resource_index/packages
[3.346s] copying resource/examples_rclpy_minimal_publisher -> /home/srooney/Documents/rbe500/hw1/install/examples_rclpy_minimal_publisher/share/ament_index/resource_index/packages
[3.346s] copying package.xml -> /home/srooney/Documents/rbe500/hw1/install/examples_rclpy_minimal_publisher/share/examples_rclpy_minimal_publisher
[3.448s] Invoked command in '/home/srooney/Documents/rbe500/hw1/build/examples_rclpy_minimal_publisher' returned '0': PYTHONPATH=/home/srooney/Documents/rbe500/hw1/build/examples_rclpy_minimal_publisher/prefix_override:/home/srooney/Documents/rbe500/hw1/install/examples_rclpy_minimal_publisher/lib/python3.10/site-packages:${PYTHONPATH} /usr/bin/python3 setup.py develop --editable --build-directory /home/srooney/Documents/rbe500/hw1/build/examples_rclpy_minimal_publisher/build --no-deps install_data
