[0.128s] Invoking command in '/home/srooney/Documents/rbe500/hw1/build/examples_rclcpp_async_client': CMAKE_PREFIX_PATH=/opt/ros/humble /usr/bin/cmake --build /home/srooney/Documents/rbe500/hw1/build/examples_rclcpp_async_client -- -j16 -l16
[1.602s] [35m[1mConsolidate compiler generated dependencies of target client_main[0m
[1.602s] [100%] Built target client_main
[1.630s] Invoked command in '/home/srooney/Documents/rbe500/hw1/build/examples_rclcpp_async_client' returned '0': CMAKE_PREFIX_PATH=/opt/ros/humble /usr/bin/cmake --build /home/srooney/Documents/rbe500/hw1/build/examples_rclcpp_async_client -- -j16 -l16
[1.710s] Invoking command in '/home/srooney/Documents/rbe500/hw1/build/examples_rclcpp_async_client': CMAKE_PREFIX_PATH=/opt/ros/humble /usr/bin/cmake --install /home/srooney/Documents/rbe500/hw1/build/examples_rclcpp_async_client
[1.760s] -- Install configuration: ""
[1.763s] -- Execute custom install script
[1.765s] -- Up-to-date symlink: /home/srooney/Documents/rbe500/hw1/install/examples_rclcpp_async_client/lib/examples_rclcpp_async_client/client_main
[1.766s] -- Up-to-date symlink: /home/srooney/Documents/rbe500/hw1/install/examples_rclcpp_async_client/share/ament_index/resource_index/package_run_dependencies/examples_rclcpp_async_client
[1.771s] -- Up-to-date symlink: /home/srooney/Documents/rbe500/hw1/install/examples_rclcpp_async_client/share/ament_index/resource_index/parent_prefix_path/examples_rclcpp_async_client
[1.772s] -- Up-to-date symlink: /home/srooney/Documents/rbe500/hw1/install/examples_rclcpp_async_client/share/examples_rclcpp_async_client/environment/ament_prefix_path.sh
[1.772s] -- Up-to-date symlink: /home/srooney/Documents/rbe500/hw1/install/examples_rclcpp_async_client/share/examples_rclcpp_async_client/environment/ament_prefix_path.dsv
[1.772s] -- Up-to-date symlink: /home/srooney/Documents/rbe500/hw1/install/examples_rclcpp_async_client/share/examples_rclcpp_async_client/environment/path.sh
[1.772s] -- Up-to-date symlink: /home/srooney/Documents/rbe500/hw1/install/examples_rclcpp_async_client/share/examples_rclcpp_async_client/environment/path.dsv
[1.772s] -- Up-to-date symlink: /home/srooney/Documents/rbe500/hw1/install/examples_rclcpp_async_client/share/examples_rclcpp_async_client/local_setup.bash
[1.772s] -- Up-to-date symlink: /home/srooney/Documents/rbe500/hw1/install/examples_rclcpp_async_client/share/examples_rclcpp_async_client/local_setup.sh
[1.772s] -- Up-to-date symlink: /home/srooney/Documents/rbe500/hw1/install/examples_rclcpp_async_client/share/examples_rclcpp_async_client/local_setup.zsh
[1.772s] -- Up-to-date symlink: /home/srooney/Documents/rbe500/hw1/install/examples_rclcpp_async_client/share/examples_rclcpp_async_client/local_setup.dsv
[1.772s] -- Symlinking: /home/srooney/Documents/rbe500/hw1/install/examples_rclcpp_async_client/share/examples_rclcpp_async_client/package.dsv
[1.783s] -- Up-to-date symlink: /home/srooney/Documents/rbe500/hw1/install/examples_rclcpp_async_client/share/ament_index/resource_index/packages/examples_rclcpp_async_client
[1.783s] -- Up-to-date symlink: /home/srooney/Documents/rbe500/hw1/install/examples_rclcpp_async_client/share/examples_rclcpp_async_client/cmake/examples_rclcpp_async_clientConfig.cmake
[1.783s] -- Up-to-date symlink: /home/srooney/Documents/rbe500/hw1/install/examples_rclcpp_async_client/share/examples_rclcpp_async_client/cmake/examples_rclcpp_async_clientConfig-version.cmake
[1.783s] -- Up-to-date symlink: /home/srooney/Documents/rbe500/hw1/install/examples_rclcpp_async_client/share/examples_rclcpp_async_client/package.xml
[1.835s] Invoked command in '/home/srooney/Documents/rbe500/hw1/build/examples_rclcpp_async_client' returned '0': CMAKE_PREFIX_PATH=/opt/ros/humble /usr/bin/cmake --install /home/srooney/Documents/rbe500/hw1/build/examples_rclcpp_async_client
