[0.114s] Invoking command in '/home/srooney/Documents/rbe500/hw1/build/examples_rclcpp_minimal_service': CMAKE_PREFIX_PATH=/opt/ros/humble /usr/bin/cmake --build /home/srooney/Documents/rbe500/hw1/build/examples_rclcpp_minimal_service -- -j16 -l16
[1.563s] [35m[1mConsolidate compiler generated dependencies of target service_main[0m
[1.563s] [100%] Built target service_main
[1.603s] Invoked command in '/home/srooney/Documents/rbe500/hw1/build/examples_rclcpp_minimal_service' returned '0': CMAKE_PREFIX_PATH=/opt/ros/humble /usr/bin/cmake --build /home/srooney/Documents/rbe500/hw1/build/examples_rclcpp_minimal_service -- -j16 -l16
[1.727s] Invoking command in '/home/srooney/Documents/rbe500/hw1/build/examples_rclcpp_minimal_service': CMAKE_PREFIX_PATH=/opt/ros/humble /usr/bin/cmake --install /home/srooney/Documents/rbe500/hw1/build/examples_rclcpp_minimal_service
[1.746s] -- Install configuration: ""
[1.746s] -- Execute custom install script
[1.746s] -- Up-to-date symlink: /home/srooney/Documents/rbe500/hw1/install/examples_rclcpp_minimal_service/lib/examples_rclcpp_minimal_service/service_main
[1.746s] -- Up-to-date symlink: /home/srooney/Documents/rbe500/hw1/install/examples_rclcpp_minimal_service/share/ament_index/resource_index/package_run_dependencies/examples_rclcpp_minimal_service
[1.746s] -- Up-to-date symlink: /home/srooney/Documents/rbe500/hw1/install/examples_rclcpp_minimal_service/share/ament_index/resource_index/parent_prefix_path/examples_rclcpp_minimal_service
[1.746s] -- Up-to-date symlink: /home/srooney/Documents/rbe500/hw1/install/examples_rclcpp_minimal_service/share/examples_rclcpp_minimal_service/environment/ament_prefix_path.sh
[1.746s] -- Up-to-date symlink: /home/srooney/Documents/rbe500/hw1/install/examples_rclcpp_minimal_service/share/examples_rclcpp_minimal_service/environment/ament_prefix_path.dsv
[1.746s] -- Up-to-date symlink: /home/srooney/Documents/rbe500/hw1/install/examples_rclcpp_minimal_service/share/examples_rclcpp_minimal_service/environment/path.sh
[1.746s] -- Up-to-date symlink: /home/srooney/Documents/rbe500/hw1/install/examples_rclcpp_minimal_service/share/examples_rclcpp_minimal_service/environment/path.dsv
[1.746s] -- Up-to-date symlink: /home/srooney/Documents/rbe500/hw1/install/examples_rclcpp_minimal_service/share/examples_rclcpp_minimal_service/local_setup.bash
[1.746s] -- Up-to-date symlink: /home/srooney/Documents/rbe500/hw1/install/examples_rclcpp_minimal_service/share/examples_rclcpp_minimal_service/local_setup.sh
[1.747s] -- Up-to-date symlink: /home/srooney/Documents/rbe500/hw1/install/examples_rclcpp_minimal_service/share/examples_rclcpp_minimal_service/local_setup.zsh
[1.747s] -- Up-to-date symlink: /home/srooney/Documents/rbe500/hw1/install/examples_rclcpp_minimal_service/share/examples_rclcpp_minimal_service/local_setup.dsv
[1.747s] -- Symlinking: /home/srooney/Documents/rbe500/hw1/install/examples_rclcpp_minimal_service/share/examples_rclcpp_minimal_service/package.dsv
[1.749s] -- Up-to-date symlink: /home/srooney/Documents/rbe500/hw1/install/examples_rclcpp_minimal_service/share/ament_index/resource_index/packages/examples_rclcpp_minimal_service
[1.750s] -- Up-to-date symlink: /home/srooney/Documents/rbe500/hw1/install/examples_rclcpp_minimal_service/share/examples_rclcpp_minimal_service/cmake/examples_rclcpp_minimal_serviceConfig.cmake
[1.750s] -- Up-to-date symlink: /home/srooney/Documents/rbe500/hw1/install/examples_rclcpp_minimal_service/share/examples_rclcpp_minimal_service/cmake/examples_rclcpp_minimal_serviceConfig-version.cmake
[1.750s] -- Up-to-date symlink: /home/srooney/Documents/rbe500/hw1/install/examples_rclcpp_minimal_service/share/examples_rclcpp_minimal_service/package.xml
[1.847s] Invoked command in '/home/srooney/Documents/rbe500/hw1/build/examples_rclcpp_minimal_service' returned '0': CMAKE_PREFIX_PATH=/opt/ros/humble /usr/bin/cmake --install /home/srooney/Documents/rbe500/hw1/build/examples_rclcpp_minimal_service
