[0.116s] Invoking command in '/home/srooney/Documents/rbe500/hw1/build/examples_rclcpp_minimal_action_client': CMAKE_PREFIX_PATH=/opt/ros/humble /usr/bin/cmake --build /home/srooney/Documents/rbe500/hw1/build/examples_rclcpp_minimal_action_client -- -j16 -l16
[2.490s] [ 12%] [32mBuilding CXX object CMakeFiles/action_client_member_functions.dir/member_functions.cpp.o[0m
[8.494s] [ 25%] [32m[1mLinking CXX executable action_client_member_functions[0m
[8.865s] [ 25%] Built target action_client_member_functions
[8.887s] [ 37%] [32mBuilding CXX object CMakeFiles/action_client_not_composable_with_feedback.dir/not_composable_with_feedback.cpp.o[0m
[14.110s] [ 50%] [32m[1mLinking CXX executable action_client_not_composable_with_feedback[0m
[14.304s] [ 50%] Built target action_client_not_composable_with_feedback
[14.329s] [ 62%] [32mBuilding CXX object CMakeFiles/action_client_not_composable_with_cancel.dir/not_composable_with_cancel.cpp.o[0m
[18.216s] [ 75%] [32m[1mLinking CXX executable action_client_not_composable_with_cancel[0m
[18.449s] [ 75%] Built target action_client_not_composable_with_cancel
[18.467s] [ 87%] [32mBuilding CXX object CMakeFiles/action_client_not_composable.dir/not_composable.cpp.o[0m
[22.087s] [100%] [32m[1mLinking CXX executable action_client_not_composable[0m
[22.290s] [100%] Built target action_client_not_composable
[22.604s] Invoked command in '/home/srooney/Documents/rbe500/hw1/build/examples_rclcpp_minimal_action_client' returned '0': CMAKE_PREFIX_PATH=/opt/ros/humble /usr/bin/cmake --build /home/srooney/Documents/rbe500/hw1/build/examples_rclcpp_minimal_action_client -- -j16 -l16
[22.650s] Invoking command in '/home/srooney/Documents/rbe500/hw1/build/examples_rclcpp_minimal_action_client': CMAKE_PREFIX_PATH=/opt/ros/humble /usr/bin/cmake --install /home/srooney/Documents/rbe500/hw1/build/examples_rclcpp_minimal_action_client
[22.660s] -- Install configuration: ""
[22.662s] -- Execute custom install script
[22.663s] -- Symlinking: /home/srooney/Documents/rbe500/hw1/install/examples_rclcpp_minimal_action_client/lib/examples_rclcpp_minimal_action_client/action_client_member_functions
[22.675s] -- Symlinking: /home/srooney/Documents/rbe500/hw1/install/examples_rclcpp_minimal_action_client/lib/examples_rclcpp_minimal_action_client/action_client_not_composable
[22.687s] -- Symlinking: /home/srooney/Documents/rbe500/hw1/install/examples_rclcpp_minimal_action_client/lib/examples_rclcpp_minimal_action_client/action_client_not_composable_with_cancel
[22.699s] -- Symlinking: /home/srooney/Documents/rbe500/hw1/install/examples_rclcpp_minimal_action_client/lib/examples_rclcpp_minimal_action_client/action_client_not_composable_with_feedback
[22.711s] -- Symlinking: /home/srooney/Documents/rbe500/hw1/install/examples_rclcpp_minimal_action_client/share/ament_index/resource_index/package_run_dependencies/examples_rclcpp_minimal_action_client
[22.722s] -- Symlinking: /home/srooney/Documents/rbe500/hw1/install/examples_rclcpp_minimal_action_client/share/ament_index/resource_index/parent_prefix_path/examples_rclcpp_minimal_action_client
[22.734s] -- Symlinking: /home/srooney/Documents/rbe500/hw1/install/examples_rclcpp_minimal_action_client/share/examples_rclcpp_minimal_action_client/environment/ament_prefix_path.sh
[22.745s] -- Symlinking: /home/srooney/Documents/rbe500/hw1/install/examples_rclcpp_minimal_action_client/share/examples_rclcpp_minimal_action_client/environment/ament_prefix_path.dsv
[22.757s] -- Symlinking: /home/srooney/Documents/rbe500/hw1/install/examples_rclcpp_minimal_action_client/share/examples_rclcpp_minimal_action_client/environment/path.sh
[22.769s] -- Symlinking: /home/srooney/Documents/rbe500/hw1/install/examples_rclcpp_minimal_action_client/share/examples_rclcpp_minimal_action_client/environment/path.dsv
[22.780s] -- Symlinking: /home/srooney/Documents/rbe500/hw1/install/examples_rclcpp_minimal_action_client/share/examples_rclcpp_minimal_action_client/local_setup.bash
[22.791s] -- Symlinking: /home/srooney/Documents/rbe500/hw1/install/examples_rclcpp_minimal_action_client/share/examples_rclcpp_minimal_action_client/local_setup.sh
[22.803s] -- Symlinking: /home/srooney/Documents/rbe500/hw1/install/examples_rclcpp_minimal_action_client/share/examples_rclcpp_minimal_action_client/local_setup.zsh
[22.815s] -- Symlinking: /home/srooney/Documents/rbe500/hw1/install/examples_rclcpp_minimal_action_client/share/examples_rclcpp_minimal_action_client/local_setup.dsv
[22.826s] -- Symlinking: /home/srooney/Documents/rbe500/hw1/install/examples_rclcpp_minimal_action_client/share/examples_rclcpp_minimal_action_client/package.dsv
[22.838s] -- Symlinking: /home/srooney/Documents/rbe500/hw1/install/examples_rclcpp_minimal_action_client/share/ament_index/resource_index/packages/examples_rclcpp_minimal_action_client
[22.850s] -- Symlinking: /home/srooney/Documents/rbe500/hw1/install/examples_rclcpp_minimal_action_client/share/examples_rclcpp_minimal_action_client/cmake/examples_rclcpp_minimal_action_clientConfig.cmake
[22.862s] -- Symlinking: /home/srooney/Documents/rbe500/hw1/install/examples_rclcpp_minimal_action_client/share/examples_rclcpp_minimal_action_client/cmake/examples_rclcpp_minimal_action_clientConfig-version.cmake
[22.874s] -- Symlinking: /home/srooney/Documents/rbe500/hw1/install/examples_rclcpp_minimal_action_client/share/examples_rclcpp_minimal_action_client/package.xml
[22.892s] Invoked command in '/home/srooney/Documents/rbe500/hw1/build/examples_rclcpp_minimal_action_client' returned '0': CMAKE_PREFIX_PATH=/opt/ros/humble /usr/bin/cmake --install /home/srooney/Documents/rbe500/hw1/build/examples_rclcpp_minimal_action_client
