[0.091s] Invoking command in '/home/srooney/Documents/rbe500/hw1/build/examples_rclcpp_wait_set': CMAKE_PREFIX_PATH=/opt/ros/humble /usr/bin/cmake /home/srooney/Documents/rbe500/hw1/src/examples/rclcpp/wait_set -DAMENT_CMAKE_SYMLINK_INSTALL=1 -DCMAKE_INSTALL_PREFIX=/home/srooney/Documents/rbe500/hw1/install/examples_rclcpp_wait_set
[2.403s] -- The C compiler identification is GNU 11.4.0
[2.403s] -- The CXX compiler identification is GNU 11.4.0
[2.403s] -- Detecting C compiler ABI info
[2.403s] -- Detecting C compiler ABI info - done
[2.403s] -- Check for working C compiler: /usr/bin/cc - skipped
[2.403s] -- Detecting C compile features
[2.403s] -- Detecting C compile features - done
[2.404s] -- Detecting CXX compiler ABI info
[2.405s] -- Detecting CXX compiler ABI info - done
[2.406s] -- Check for working CXX compiler: /usr/bin/c++ - skipped
[2.407s] -- Detecting CXX compile features
[2.408s] -- Detecting CXX compile features - done
[2.409s] -- Found ament_cmake: 1.3.5 (/opt/ros/humble/share/ament_cmake/cmake)
[2.409s] -- Found Python3: /usr/bin/python3.10 (found version "3.10.12") found components: Interpreter 
[2.409s] -- Override CMake install command with custom implementation using symlinks instead of copying resources
[2.415s] -- Found example_interfaces: 0.9.3 (/opt/ros/humble/share/example_interfaces/cmake)
[2.415s] -- Found rosidl_generator_c: 3.1.5 (/opt/ros/humble/share/rosidl_generator_c/cmake)
[2.415s] -- Found rosidl_adapter: 3.1.5 (/opt/ros/humble/share/rosidl_adapter/cmake)
[2.415s] -- Found rosidl_generator_cpp: 3.1.5 (/opt/ros/humble/share/rosidl_generator_cpp/cmake)
[2.416s] -- Using all available rosidl_typesupport_c: rosidl_typesupport_fastrtps_c;rosidl_typesupport_introspection_c
[2.416s] -- Using all available rosidl_typesupport_cpp: rosidl_typesupport_fastrtps_cpp;rosidl_typesupport_introspection_cpp
[2.416s] -- Found rclcpp: 16.0.5 (/opt/ros/humble/share/rclcpp/cmake)
[2.416s] -- Found rmw_implementation_cmake: 6.1.1 (/opt/ros/humble/share/rmw_implementation_cmake/cmake)
[2.416s] -- Found rmw_fastrtps_cpp: 6.2.3 (/opt/ros/humble/share/rmw_fastrtps_cpp/cmake)
[2.416s] -- Found OpenSSL: /usr/lib/x86_64-linux-gnu/libcrypto.so (found version "3.0.2")  
[2.416s] -- Found FastRTPS: /opt/ros/humble/include  
[2.417s] -- Using RMW implementation 'rmw_fastrtps_cpp' as default
[2.417s] -- Looking for pthread.h
[2.417s] -- Looking for pthread.h - found
[2.417s] -- Performing Test CMAKE_HAVE_LIBC_PTHREAD
[2.417s] -- Performing Test CMAKE_HAVE_LIBC_PTHREAD - Success
[2.417s] -- Found Threads: TRUE  
[2.598s] -- Found rclcpp_components: 16.0.5 (/opt/ros/humble/share/rclcpp_components/cmake)
[2.767s] -- Found ament_lint_auto: 0.12.7 (/opt/ros/humble/share/ament_lint_auto/cmake)
[3.001s] -- Added test 'copyright' to check source files copyright and LICENSE
[3.004s] -- Added test 'cppcheck' to perform static code analysis on C / C++ code
[3.006s] -- Configured cppcheck include dirs: /home/srooney/Documents/rbe500/hw1/src/examples/rclcpp/wait_set/include
[3.006s] -- Configured cppcheck exclude dirs and/or files: 
[3.009s] -- Added test 'cpplint' to check C / C++ code against the Google style
[3.009s] -- Configured cpplint exclude dirs and/or files: 
[3.011s] -- Added test 'lint_cmake' to check CMake code style
[3.013s] -- Added test 'uncrustify' to check C / C++ code style
[3.014s] -- Configured uncrustify additional arguments: 
[3.015s] -- Added test 'xmllint' to check XML markup files
[3.020s] -- Configuring done
[3.126s] -- Generating done
[3.134s] -- Build files have been written to: /home/srooney/Documents/rbe500/hw1/build/examples_rclcpp_wait_set
[3.203s] Invoked command in '/home/srooney/Documents/rbe500/hw1/build/examples_rclcpp_wait_set' returned '0': CMAKE_PREFIX_PATH=/opt/ros/humble /usr/bin/cmake /home/srooney/Documents/rbe500/hw1/src/examples/rclcpp/wait_set -DAMENT_CMAKE_SYMLINK_INSTALL=1 -DCMAKE_INSTALL_PREFIX=/home/srooney/Documents/rbe500/hw1/install/examples_rclcpp_wait_set
[3.204s] Invoking command in '/home/srooney/Documents/rbe500/hw1/build/examples_rclcpp_wait_set': CMAKE_PREFIX_PATH=/opt/ros/humble /usr/bin/cmake --build /home/srooney/Documents/rbe500/hw1/build/examples_rclcpp_wait_set -- -j16 -l16
