[0.742s] Invoking command in '/home/srooney/Documents/rbe500/hw1/src/hw1_py_pubsub': PYTHONPATH=/home/srooney/Documents/rbe500/hw1/build/hw1_py_pubsub/prefix_override:/home/srooney/Documents/rbe500/hw1/install/hw1_py_pubsub/lib/python3.10/site-packages:${PYTHONPATH} /usr/bin/python3 setup.py egg_info --egg-base ../../build/hw1_py_pubsub build --build-base /home/srooney/Documents/rbe500/hw1/build/hw1_py_pubsub/build install --record /home/srooney/Documents/rbe500/hw1/build/hw1_py_pubsub/install.log --single-version-externally-managed
[1.039s] running egg_info
[1.039s] writing ../../build/hw1_py_pubsub/hw1_py_pubsub.egg-info/PKG-INFO
[1.040s] writing dependency_links to ../../build/hw1_py_pubsub/hw1_py_pubsub.egg-info/dependency_links.txt
[1.040s] writing entry points to ../../build/hw1_py_pubsub/hw1_py_pubsub.egg-info/entry_points.txt
[1.040s] writing requirements to ../../build/hw1_py_pubsub/hw1_py_pubsub.egg-info/requires.txt
[1.040s] writing top-level names to ../../build/hw1_py_pubsub/hw1_py_pubsub.egg-info/top_level.txt
[1.042s] reading manifest file '../../build/hw1_py_pubsub/hw1_py_pubsub.egg-info/SOURCES.txt'
[1.043s] writing manifest file '../../build/hw1_py_pubsub/hw1_py_pubsub.egg-info/SOURCES.txt'
[1.044s] running build
[1.044s] running build_py
[1.044s] running install
[1.044s] /usr/lib/python3/dist-packages/setuptools/command/install.py:34: SetuptoolsDeprecationWarning: setup.py install is deprecated. Use build and pip and other standards-based tools.
[1.045s]   warnings.warn(
[1.045s] running install_lib
[1.046s] running install_data
[1.046s] running install_egg_info
[1.048s] removing '/home/srooney/Documents/rbe500/hw1/install/hw1_py_pubsub/lib/python3.10/site-packages/hw1_py_pubsub-0.0.0-py3.10.egg-info' (and everything under it)
[1.049s] Copying ../../build/hw1_py_pubsub/hw1_py_pubsub.egg-info to /home/srooney/Documents/rbe500/hw1/install/hw1_py_pubsub/lib/python3.10/site-packages/hw1_py_pubsub-0.0.0-py3.10.egg-info
[1.049s] running install_scripts
[1.076s] Installing listener script to /home/srooney/Documents/rbe500/hw1/install/hw1_py_pubsub/lib/hw1_py_pubsub
[1.076s] Installing talker script to /home/srooney/Documents/rbe500/hw1/install/hw1_py_pubsub/lib/hw1_py_pubsub
[1.077s] writing list of installed files to '/home/srooney/Documents/rbe500/hw1/build/hw1_py_pubsub/install.log'
[1.129s] Invoked command in '/home/srooney/Documents/rbe500/hw1/src/hw1_py_pubsub' returned '0': PYTHONPATH=/home/srooney/Documents/rbe500/hw1/build/hw1_py_pubsub/prefix_override:/home/srooney/Documents/rbe500/hw1/install/hw1_py_pubsub/lib/python3.10/site-packages:${PYTHONPATH} /usr/bin/python3 setup.py egg_info --egg-base ../../build/hw1_py_pubsub build --build-base /home/srooney/Documents/rbe500/hw1/build/hw1_py_pubsub/build install --record /home/srooney/Documents/rbe500/hw1/build/hw1_py_pubsub/install.log --single-version-externally-managed
