[3.228s] Invoking command in '/home/srooney/Documents/rbe500/hw1/build/examples_rclpy_guard_conditions': PYTHONPATH=/home/srooney/Documents/rbe500/hw1/build/examples_rclpy_guard_conditions/prefix_override:/home/srooney/Documents/rbe500/hw1/install/examples_rclpy_guard_conditions/lib/python3.10/site-packages:${PYTHONPATH} /usr/bin/python3 setup.py develop --editable --build-directory /home/srooney/Documents/rbe500/hw1/build/examples_rclpy_guard_conditions/build --no-deps install_data
[7.515s] /usr/lib/python3/dist-packages/setuptools/command/easy_install.py:158: EasyInstallDeprecationWarning: easy_install command is deprecated. Use build and pip and other standards-based tools.
[7.516s]   warnings.warn(
[7.518s] /usr/lib/python3/dist-packages/setuptools/command/install.py:34: SetuptoolsDeprecationWarning: setup.py install is deprecated. Use build and pip and other standards-based tools.
[7.522s]   warnings.warn(
[7.524s] running develop
[7.524s] running egg_info
[7.524s] writing examples_rclpy_guard_conditions.egg-info/PKG-INFO
[7.524s] writing dependency_links to examples_rclpy_guard_conditions.egg-info/dependency_links.txt
[7.525s] writing entry points to examples_rclpy_guard_conditions.egg-info/entry_points.txt
[7.525s] writing requirements to examples_rclpy_guard_conditions.egg-info/requires.txt
[7.525s] writing top-level names to examples_rclpy_guard_conditions.egg-info/top_level.txt
[7.525s] reading manifest file 'examples_rclpy_guard_conditions.egg-info/SOURCES.txt'
[7.525s] writing manifest file 'examples_rclpy_guard_conditions.egg-info/SOURCES.txt'
[7.525s] running build_ext
[7.526s] Creating /home/srooney/Documents/rbe500/hw1/install/examples_rclpy_guard_conditions/lib/python3.10/site-packages/examples-rclpy-guard-conditions.egg-link (link to .)
[7.526s] Installing trigger_guard_condition script to /home/srooney/Documents/rbe500/hw1/install/examples_rclpy_guard_conditions/lib/examples_rclpy_guard_conditions
[7.526s] 
[7.526s] Installed /home/srooney/Documents/rbe500/hw1/build/examples_rclpy_guard_conditions
[7.526s] running install_data
[7.536s] Invoked command in '/home/srooney/Documents/rbe500/hw1/build/examples_rclpy_guard_conditions' returned '0': PYTHONPATH=/home/srooney/Documents/rbe500/hw1/build/examples_rclpy_guard_conditions/prefix_override:/home/srooney/Documents/rbe500/hw1/install/examples_rclpy_guard_conditions/lib/python3.10/site-packages:${PYTHONPATH} /usr/bin/python3 setup.py develop --editable --build-directory /home/srooney/Documents/rbe500/hw1/build/examples_rclpy_guard_conditions/build --no-deps install_data
