[2.695s] Invoking command in '/home/srooney/Documents/rbe500/hw1/build/examples_rclpy_minimal_client': PYTHONPATH=/home/srooney/Documents/rbe500/hw1/build/examples_rclpy_minimal_client/prefix_override:/home/srooney/Documents/rbe500/hw1/install/examples_rclpy_minimal_client/lib/python3.10/site-packages:${PYTHONPATH} /usr/bin/python3 setup.py develop --editable --build-directory /home/srooney/Documents/rbe500/hw1/build/examples_rclpy_minimal_client/build --no-deps install_data
[3.434s] running develop
[3.434s] running egg_info
[3.434s] creating examples_rclpy_minimal_client.egg-info
[3.434s] writing examples_rclpy_minimal_client.egg-info/PKG-INFO
[3.434s] writing dependency_links to examples_rclpy_minimal_client.egg-info/dependency_links.txt
[3.435s] writing entry points to examples_rclpy_minimal_client.egg-info/entry_points.txt
[3.435s] writing requirements to examples_rclpy_minimal_client.egg-info/requires.txt
[3.435s] writing top-level names to examples_rclpy_minimal_client.egg-info/top_level.txt
[3.435s] writing manifest file 'examples_rclpy_minimal_client.egg-info/SOURCES.txt'
[3.435s] reading manifest file 'examples_rclpy_minimal_client.egg-info/SOURCES.txt'
[3.435s] writing manifest file 'examples_rclpy_minimal_client.egg-info/SOURCES.txt'
[3.435s] running build_ext
[3.435s] Creating /home/srooney/Documents/rbe500/hw1/install/examples_rclpy_minimal_client/lib/python3.10/site-packages/examples-rclpy-minimal-client.egg-link (link to .)
[3.435s] Installing client script to /home/srooney/Documents/rbe500/hw1/install/examples_rclpy_minimal_client/lib/examples_rclpy_minimal_client
[3.435s] Installing client_async script to /home/srooney/Documents/rbe500/hw1/install/examples_rclpy_minimal_client/lib/examples_rclpy_minimal_client
[3.435s] Installing client_async_callback script to /home/srooney/Documents/rbe500/hw1/install/examples_rclpy_minimal_client/lib/examples_rclpy_minimal_client
[3.435s] Installing client_async_member_function script to /home/srooney/Documents/rbe500/hw1/install/examples_rclpy_minimal_client/lib/examples_rclpy_minimal_client
[3.435s] 
[3.436s] Installed /home/srooney/Documents/rbe500/hw1/build/examples_rclpy_minimal_client
[3.436s] running install_data
[3.436s] creating /home/srooney/Documents/rbe500/hw1/install/examples_rclpy_minimal_client/share/ament_index
[3.436s] creating /home/srooney/Documents/rbe500/hw1/install/examples_rclpy_minimal_client/share/ament_index/resource_index
[3.436s] creating /home/srooney/Documents/rbe500/hw1/install/examples_rclpy_minimal_client/share/ament_index/resource_index/packages
[3.436s] copying resource/examples_rclpy_minimal_client -> /home/srooney/Documents/rbe500/hw1/install/examples_rclpy_minimal_client/share/ament_index/resource_index/packages
[3.436s] copying package.xml -> /home/srooney/Documents/rbe500/hw1/install/examples_rclpy_minimal_client/share/examples_rclpy_minimal_client
[3.439s] /usr/lib/python3/dist-packages/setuptools/command/easy_install.py:158: EasyInstallDeprecationWarning: easy_install command is deprecated. Use build and pip and other standards-based tools.
[3.439s]   warnings.warn(
[3.439s] /usr/lib/python3/dist-packages/setuptools/command/install.py:34: SetuptoolsDeprecationWarning: setup.py install is deprecated. Use build and pip and other standards-based tools.
[3.439s]   warnings.warn(
[3.553s] Invoked command in '/home/srooney/Documents/rbe500/hw1/build/examples_rclpy_minimal_client' returned '0': PYTHONPATH=/home/srooney/Documents/rbe500/hw1/build/examples_rclpy_minimal_client/prefix_override:/home/srooney/Documents/rbe500/hw1/install/examples_rclpy_minimal_client/lib/python3.10/site-packages:${PYTHONPATH} /usr/bin/python3 setup.py develop --editable --build-directory /home/srooney/Documents/rbe500/hw1/build/examples_rclpy_minimal_client/build --no-deps install_data
