[1.642s] Invoking command in '/home/srooney/Documents/rbe500/hw1/build/examples_rclpy_pointcloud_publisher': PYTHONPATH=/home/srooney/Documents/rbe500/hw1/build/examples_rclpy_pointcloud_publisher/prefix_override:/home/srooney/Documents/rbe500/hw1/install/examples_rclpy_pointcloud_publisher/lib/python3.10/site-packages:${PYTHONPATH} /usr/bin/python3 setup.py develop --editable --build-directory /home/srooney/Documents/rbe500/hw1/build/examples_rclpy_pointcloud_publisher/build --no-deps install_data
[2.027s] running develop
[2.027s] /usr/lib/python3/dist-packages/setuptools/command/easy_install.py:158: EasyInstallDeprecationWarning: easy_install command is deprecated. Use build and pip and other standards-based tools.
[2.027s]   warnings.warn(
[2.029s] /usr/lib/python3/dist-packages/setuptools/command/install.py:34: SetuptoolsDeprecationWarning: setup.py install is deprecated. Use build and pip and other standards-based tools.
[2.029s]   warnings.warn(
[2.247s] running egg_info
[2.247s] creating examples_rclpy_pointcloud_publisher.egg-info
[2.248s] writing examples_rclpy_pointcloud_publisher.egg-info/PKG-INFO
[2.248s] writing dependency_links to examples_rclpy_pointcloud_publisher.egg-info/dependency_links.txt
[2.248s] writing entry points to examples_rclpy_pointcloud_publisher.egg-info/entry_points.txt
[2.249s] writing requirements to examples_rclpy_pointcloud_publisher.egg-info/requires.txt
[2.249s] writing top-level names to examples_rclpy_pointcloud_publisher.egg-info/top_level.txt
[2.249s] writing manifest file 'examples_rclpy_pointcloud_publisher.egg-info/SOURCES.txt'
[2.253s] reading manifest file 'examples_rclpy_pointcloud_publisher.egg-info/SOURCES.txt'
[2.254s] writing manifest file 'examples_rclpy_pointcloud_publisher.egg-info/SOURCES.txt'
[2.256s] running build_ext
[2.256s] Creating /home/srooney/Documents/rbe500/hw1/install/examples_rclpy_pointcloud_publisher/lib/python3.10/site-packages/examples-rclpy-pointcloud-publisher.egg-link (link to .)
[2.258s] Installing pointcloud_publisher script to /home/srooney/Documents/rbe500/hw1/install/examples_rclpy_pointcloud_publisher/lib/examples_rclpy_pointcloud_publisher
[2.259s] 
[2.259s] Installed /home/srooney/Documents/rbe500/hw1/build/examples_rclpy_pointcloud_publisher
[2.259s] running install_data
[2.259s] creating /home/srooney/Documents/rbe500/hw1/install/examples_rclpy_pointcloud_publisher/share/ament_index
[2.259s] creating /home/srooney/Documents/rbe500/hw1/install/examples_rclpy_pointcloud_publisher/share/ament_index/resource_index
[2.259s] creating /home/srooney/Documents/rbe500/hw1/install/examples_rclpy_pointcloud_publisher/share/ament_index/resource_index/packages
[2.259s] copying resource/examples_rclpy_pointcloud_publisher -> /home/srooney/Documents/rbe500/hw1/install/examples_rclpy_pointcloud_publisher/share/ament_index/resource_index/packages
[2.260s] copying package.xml -> /home/srooney/Documents/rbe500/hw1/install/examples_rclpy_pointcloud_publisher/share/examples_rclpy_pointcloud_publisher
[2.333s] Invoked command in '/home/srooney/Documents/rbe500/hw1/build/examples_rclpy_pointcloud_publisher' returned '0': PYTHONPATH=/home/srooney/Documents/rbe500/hw1/build/examples_rclpy_pointcloud_publisher/prefix_override:/home/srooney/Documents/rbe500/hw1/install/examples_rclpy_pointcloud_publisher/lib/python3.10/site-packages:${PYTHONPATH} /usr/bin/python3 setup.py develop --editable --build-directory /home/srooney/Documents/rbe500/hw1/build/examples_rclpy_pointcloud_publisher/build --no-deps install_data
