[0.114s] Invoking command in '/home/srooney/Documents/rbe500/hw1/build/examples_rclcpp_wait_set': CMAKE_PREFIX_PATH=/opt/ros/humble /usr/bin/cmake --build /home/srooney/Documents/rbe500/hw1/build/examples_rclcpp_wait_set -- -j16 -l16
[1.548s] [35m[1mConsolidate compiler generated dependencies of target talker[0m
[1.548s] [35m[1mConsolidate compiler generated dependencies of target listener[0m
[1.548s] [35m[1mConsolidate compiler generated dependencies of target wait_set_talker[0m
[1.548s] [35m[1mConsolidate compiler generated dependencies of target wait_set_listener[0m
[1.549s] [35m[1mConsolidate compiler generated dependencies of target static_wait_set[0m
[1.549s] [35m[1mConsolidate compiler generated dependencies of target wait_set[0m
[1.549s] [35m[1mConsolidate compiler generated dependencies of target thread_safe_wait_set[0m
[1.549s] [35m[1mConsolidate compiler generated dependencies of target wait_set_topics_and_timer[0m
[1.549s] [35m[1mConsolidate compiler generated dependencies of target executor_random_order[0m
[1.549s] [35m[1mConsolidate compiler generated dependencies of target wait_set_random_order[0m
[1.549s] [35m[1mConsolidate compiler generated dependencies of target wait_set_topics_with_different_rates[0m
[1.550s] [ 16%] Built target listener
[1.550s] [ 16%] Built target talker
[1.550s] [ 29%] Built target wait_set_talker
[1.550s] [ 33%] Built target wait_set_listener
[1.550s] [ 45%] Built target wait_set_topics_and_timer
[1.550s] [ 54%] Built target static_wait_set
[1.551s] [ 58%] Built target thread_safe_wait_set
[1.551s] [ 66%] Built target wait_set
[1.551s] [ 83%] Built target executor_random_order
[1.551s] [ 83%] Built target wait_set_topics_with_different_rates
[1.551s] [ 91%] Built target wait_set_random_order
[1.551s] [35m[1mConsolidate compiler generated dependencies of target wait_set_composed[0m
[1.551s] [100%] Built target wait_set_composed
[1.566s] Invoked command in '/home/srooney/Documents/rbe500/hw1/build/examples_rclcpp_wait_set' returned '0': CMAKE_PREFIX_PATH=/opt/ros/humble /usr/bin/cmake --build /home/srooney/Documents/rbe500/hw1/build/examples_rclcpp_wait_set -- -j16 -l16
[1.707s] Invoking command in '/home/srooney/Documents/rbe500/hw1/build/examples_rclcpp_wait_set': CMAKE_PREFIX_PATH=/opt/ros/humble /usr/bin/cmake --install /home/srooney/Documents/rbe500/hw1/build/examples_rclcpp_wait_set
[1.719s] -- Install configuration: ""
[1.719s] -- Execute custom install script
[1.719s] -- Up-to-date symlink: /home/srooney/Documents/rbe500/hw1/install/examples_rclcpp_wait_set/lib/examples_rclcpp_wait_set/wait_set_talker
[1.719s] -- Up-to-date symlink: /home/srooney/Documents/rbe500/hw1/install/examples_rclcpp_wait_set/lib/examples_rclcpp_wait_set/wait_set_listener
[1.719s] -- Up-to-date symlink: /home/srooney/Documents/rbe500/hw1/install/examples_rclcpp_wait_set/lib/libtalker.so
[1.719s] -- Up-to-date symlink: /home/srooney/Documents/rbe500/hw1/install/examples_rclcpp_wait_set/lib/liblistener.so
[1.719s] -- Up-to-date symlink: /home/srooney/Documents/rbe500/hw1/install/examples_rclcpp_wait_set/lib/examples_rclcpp_wait_set/wait_set
[1.719s] -- Up-to-date symlink: /home/srooney/Documents/rbe500/hw1/install/examples_rclcpp_wait_set/lib/examples_rclcpp_wait_set/static_wait_set
[1.719s] -- Up-to-date symlink: /home/srooney/Documents/rbe500/hw1/install/examples_rclcpp_wait_set/lib/examples_rclcpp_wait_set/thread_safe_wait_set
[1.720s] -- Up-to-date symlink: /home/srooney/Documents/rbe500/hw1/install/examples_rclcpp_wait_set/lib/examples_rclcpp_wait_set/wait_set_topics_and_timer
[1.720s] -- Up-to-date symlink: /home/srooney/Documents/rbe500/hw1/install/examples_rclcpp_wait_set/lib/examples_rclcpp_wait_set/wait_set_random_order
[1.720s] -- Up-to-date symlink: /home/srooney/Documents/rbe500/hw1/install/examples_rclcpp_wait_set/lib/examples_rclcpp_wait_set/executor_random_order
[1.720s] -- Up-to-date symlink: /home/srooney/Documents/rbe500/hw1/install/examples_rclcpp_wait_set/lib/examples_rclcpp_wait_set/wait_set_topics_with_different_rates
[1.720s] -- Up-to-date symlink: /home/srooney/Documents/rbe500/hw1/install/examples_rclcpp_wait_set/lib/examples_rclcpp_wait_set/wait_set_composed
[1.720s] -- Up-to-date symlink: /home/srooney/Documents/rbe500/hw1/install/examples_rclcpp_wait_set/share/ament_index/resource_index/package_run_dependencies/examples_rclcpp_wait_set
[1.720s] -- Up-to-date symlink: /home/srooney/Documents/rbe500/hw1/install/examples_rclcpp_wait_set/share/ament_index/resource_index/parent_prefix_path/examples_rclcpp_wait_set
[1.720s] -- Up-to-date symlink: /home/srooney/Documents/rbe500/hw1/install/examples_rclcpp_wait_set/share/examples_rclcpp_wait_set/environment/ament_prefix_path.sh
[1.721s] -- Up-to-date symlink: /home/srooney/Documents/rbe500/hw1/install/examples_rclcpp_wait_set/share/examples_rclcpp_wait_set/environment/ament_prefix_path.dsv
[1.722s] -- Up-to-date symlink: /home/srooney/Documents/rbe500/hw1/install/examples_rclcpp_wait_set/share/examples_rclcpp_wait_set/environment/path.sh
[1.723s] -- Up-to-date symlink: /home/srooney/Documents/rbe500/hw1/install/examples_rclcpp_wait_set/share/examples_rclcpp_wait_set/environment/path.dsv
[1.725s] -- Up-to-date symlink: /home/srooney/Documents/rbe500/hw1/install/examples_rclcpp_wait_set/share/examples_rclcpp_wait_set/local_setup.bash
[1.725s] -- Up-to-date symlink: /home/srooney/Documents/rbe500/hw1/install/examples_rclcpp_wait_set/share/examples_rclcpp_wait_set/local_setup.sh
[1.725s] -- Up-to-date symlink: /home/srooney/Documents/rbe500/hw1/install/examples_rclcpp_wait_set/share/examples_rclcpp_wait_set/local_setup.zsh
[1.725s] -- Up-to-date symlink: /home/srooney/Documents/rbe500/hw1/install/examples_rclcpp_wait_set/share/examples_rclcpp_wait_set/local_setup.dsv
[1.726s] -- Symlinking: /home/srooney/Documents/rbe500/hw1/install/examples_rclcpp_wait_set/share/examples_rclcpp_wait_set/package.dsv
[1.733s] -- Up-to-date symlink: /home/srooney/Documents/rbe500/hw1/install/examples_rclcpp_wait_set/share/ament_index/resource_index/packages/examples_rclcpp_wait_set
[1.733s] -- Up-to-date symlink: /home/srooney/Documents/rbe500/hw1/install/examples_rclcpp_wait_set/share/ament_index/resource_index/rclcpp_components/examples_rclcpp_wait_set
[1.733s] -- Up-to-date symlink: /home/srooney/Documents/rbe500/hw1/install/examples_rclcpp_wait_set/share/examples_rclcpp_wait_set/cmake/examples_rclcpp_wait_setConfig.cmake
[1.733s] -- Up-to-date symlink: /home/srooney/Documents/rbe500/hw1/install/examples_rclcpp_wait_set/share/examples_rclcpp_wait_set/cmake/examples_rclcpp_wait_setConfig-version.cmake
[1.733s] -- Up-to-date symlink: /home/srooney/Documents/rbe500/hw1/install/examples_rclcpp_wait_set/share/examples_rclcpp_wait_set/package.xml
[1.906s] Invoked command in '/home/srooney/Documents/rbe500/hw1/build/examples_rclcpp_wait_set' returned '0': CMAKE_PREFIX_PATH=/opt/ros/humble /usr/bin/cmake --install /home/srooney/Documents/rbe500/hw1/build/examples_rclcpp_wait_set
