[0.111s] Invoking command in '/home/srooney/Documents/rbe500/hw1/build/examples_rclcpp_minimal_composition': CMAKE_PREFIX_PATH=/opt/ros/humble /usr/bin/cmake /home/srooney/Documents/rbe500/hw1/src/examples/rclcpp/composition/minimal_composition -DAMENT_CMAKE_SYMLINK_INSTALL=1 -DCMAKE_INSTALL_PREFIX=/home/srooney/Documents/rbe500/hw1/install/examples_rclcpp_minimal_composition
[1.899s] -- The C compiler identification is GNU 11.4.0
[1.899s] -- The CXX compiler identification is GNU 11.4.0
[1.899s] -- Detecting C compiler ABI info
[1.899s] -- Detecting C compiler ABI info - done
[1.901s] -- Check for working C compiler: /usr/bin/cc - skipped
[1.902s] -- Detecting C compile features
[1.902s] -- Detecting C compile features - done
[1.902s] -- Detecting CXX compiler ABI info
[1.902s] -- Detecting CXX compiler ABI info - done
[1.902s] -- Check for working CXX compiler: /usr/bin/c++ - skipped
[1.903s] -- Detecting CXX compile features
[1.904s] -- Detecting CXX compile features - done
[1.904s] -- Found ament_cmake: 1.3.5 (/opt/ros/humble/share/ament_cmake/cmake)
[1.904s] -- Found Python3: /usr/bin/python3.10 (found version "3.10.12") found components: Interpreter 
[1.904s] -- Override CMake install command with custom implementation using symlinks instead of copying resources
[1.905s] -- Found rclcpp: 16.0.5 (/opt/ros/humble/share/rclcpp/cmake)
[1.905s] -- Found rosidl_generator_c: 3.1.5 (/opt/ros/humble/share/rosidl_generator_c/cmake)
[1.906s] -- Found rosidl_adapter: 3.1.5 (/opt/ros/humble/share/rosidl_adapter/cmake)
[1.906s] -- Found rosidl_generator_cpp: 3.1.5 (/opt/ros/humble/share/rosidl_generator_cpp/cmake)
[1.906s] -- Using all available rosidl_typesupport_c: rosidl_typesupport_fastrtps_c;rosidl_typesupport_introspection_c
[1.906s] -- Using all available rosidl_typesupport_cpp: rosidl_typesupport_fastrtps_cpp;rosidl_typesupport_introspection_cpp
[1.906s] -- Found rmw_implementation_cmake: 6.1.1 (/opt/ros/humble/share/rmw_implementation_cmake/cmake)
[1.906s] -- Found rmw_fastrtps_cpp: 6.2.3 (/opt/ros/humble/share/rmw_fastrtps_cpp/cmake)
[1.906s] -- Found OpenSSL: /usr/lib/x86_64-linux-gnu/libcrypto.so (found version "3.0.2")  
[1.906s] -- Found FastRTPS: /opt/ros/humble/include  
[1.907s] -- Using RMW implementation 'rmw_fastrtps_cpp' as default
[1.907s] -- Looking for pthread.h
[1.907s] -- Looking for pthread.h - found
[1.907s] -- Performing Test CMAKE_HAVE_LIBC_PTHREAD
[1.942s] -- Performing Test CMAKE_HAVE_LIBC_PTHREAD - Success
[1.942s] -- Found Threads: TRUE  
[2.252s] -- Found rclcpp_components: 16.0.5 (/opt/ros/humble/share/rclcpp_components/cmake)
[2.457s] -- Found ament_lint_auto: 0.12.7 (/opt/ros/humble/share/ament_lint_auto/cmake)
[2.599s] -- Added test 'copyright' to check source files copyright and LICENSE
[2.601s] -- Added test 'cppcheck' to perform static code analysis on C / C++ code
[2.602s] -- Configured cppcheck include dirs: /home/srooney/Documents/rbe500/hw1/src/examples/rclcpp/composition/minimal_composition/include
[2.602s] -- Configured cppcheck exclude dirs and/or files: 
[2.604s] -- Added test 'cpplint' to check C / C++ code against the Google style
[2.604s] -- Configured cpplint exclude dirs and/or files: 
[2.605s] -- Added test 'lint_cmake' to check CMake code style
[2.607s] -- Added test 'uncrustify' to check C / C++ code style
[2.607s] -- Configured uncrustify additional arguments: 
[2.608s] -- Added test 'xmllint' to check XML markup files
[2.611s] -- Configuring done
[2.669s] -- Generating done
[2.683s] -- Build files have been written to: /home/srooney/Documents/rbe500/hw1/build/examples_rclcpp_minimal_composition
[2.711s] Invoked command in '/home/srooney/Documents/rbe500/hw1/build/examples_rclcpp_minimal_composition' returned '0': CMAKE_PREFIX_PATH=/opt/ros/humble /usr/bin/cmake /home/srooney/Documents/rbe500/hw1/src/examples/rclcpp/composition/minimal_composition -DAMENT_CMAKE_SYMLINK_INSTALL=1 -DCMAKE_INSTALL_PREFIX=/home/srooney/Documents/rbe500/hw1/install/examples_rclcpp_minimal_composition
[2.712s] Invoking command in '/home/srooney/Documents/rbe500/hw1/build/examples_rclcpp_minimal_composition': CMAKE_PREFIX_PATH=/opt/ros/humble /usr/bin/cmake --build /home/srooney/Documents/rbe500/hw1/build/examples_rclcpp_minimal_composition -- -j16 -l16
[3.184s] [ 11%] [32mBuilding CXX object CMakeFiles/composition_nodes.dir/src/publisher_node.cpp.o[0m
[3.184s] [ 22%] [32mBuilding CXX object CMakeFiles/composition_nodes.dir/src/subscriber_node.cpp.o[0m
