running develop
running egg_info
creating examples_rclpy_minimal_service.egg-info
writing examples_rclpy_minimal_service.egg-info/PKG-INFO
writing dependency_links to examples_rclpy_minimal_service.egg-info/dependency_links.txt
writing entry points to examples_rclpy_minimal_service.egg-info/entry_points.txt
writing requirements to examples_rclpy_minimal_service.egg-info/requires.txt
writing top-level names to examples_rclpy_minimal_service.egg-info/top_level.txt
writing manifest file 'examples_rclpy_minimal_service.egg-info/SOURCES.txt'
reading manifest file 'examples_rclpy_minimal_service.egg-info/SOURCES.txt'
writing manifest file 'examples_rclpy_minimal_service.egg-info/SOURCES.txt'
running build_ext
Creating /home/srooney/Documents/rbe500/hw1/install/examples_rclpy_minimal_service/lib/python3.10/site-packages/examples-rclpy-minimal-service.egg-link (link to .)
Installing service script to /home/srooney/Documents/rbe500/hw1/install/examples_rclpy_minimal_service/lib/examples_rclpy_minimal_service
Installing service_member_function script to /home/srooney/Documents/rbe500/hw1/install/examples_rclpy_minimal_service/lib/examples_rclpy_minimal_service

Installed /home/srooney/Documents/rbe500/hw1/build/examples_rclpy_minimal_service
running install_data
creating /home/srooney/Documents/rbe500/hw1/install/examples_rclpy_minimal_service/share/ament_index
creating /home/srooney/Documents/rbe500/hw1/install/examples_rclpy_minimal_service/share/ament_index/resource_index
creating /home/srooney/Documents/rbe500/hw1/install/examples_rclpy_minimal_service/share/ament_index/resource_index/packages
copying resource/examples_rclpy_minimal_service -> /home/srooney/Documents/rbe500/hw1/install/examples_rclpy_minimal_service/share/ament_index/resource_index/packages
copying package.xml -> /home/srooney/Documents/rbe500/hw1/install/examples_rclpy_minimal_service/share/examples_rclpy_minimal_service
