[2.671s] Invoking command in '/home/srooney/Documents/rbe500/hw1/build/examples_rclpy_minimal_service': PYTHONPATH=/home/srooney/Documents/rbe500/hw1/build/examples_rclpy_minimal_service/prefix_override:/home/srooney/Documents/rbe500/hw1/install/examples_rclpy_minimal_service/lib/python3.10/site-packages:${PYTHONPATH} /usr/bin/python3 setup.py develop --editable --build-directory /home/srooney/Documents/rbe500/hw1/build/examples_rclpy_minimal_service/build --no-deps install_data
[3.425s] running develop
[3.425s] running egg_info
[3.425s] creating examples_rclpy_minimal_service.egg-info
[3.425s] writing examples_rclpy_minimal_service.egg-info/PKG-INFO
[3.425s] writing dependency_links to examples_rclpy_minimal_service.egg-info/dependency_links.txt
[3.425s] writing entry points to examples_rclpy_minimal_service.egg-info/entry_points.txt
[3.425s] writing requirements to examples_rclpy_minimal_service.egg-info/requires.txt
[3.425s] writing top-level names to examples_rclpy_minimal_service.egg-info/top_level.txt
[3.425s] writing manifest file 'examples_rclpy_minimal_service.egg-info/SOURCES.txt'
[3.425s] reading manifest file 'examples_rclpy_minimal_service.egg-info/SOURCES.txt'
[3.426s] writing manifest file 'examples_rclpy_minimal_service.egg-info/SOURCES.txt'
[3.426s] running build_ext
[3.426s] Creating /home/srooney/Documents/rbe500/hw1/install/examples_rclpy_minimal_service/lib/python3.10/site-packages/examples-rclpy-minimal-service.egg-link (link to .)
[3.426s] Installing service script to /home/srooney/Documents/rbe500/hw1/install/examples_rclpy_minimal_service/lib/examples_rclpy_minimal_service
[3.426s] Installing service_member_function script to /home/srooney/Documents/rbe500/hw1/install/examples_rclpy_minimal_service/lib/examples_rclpy_minimal_service
[3.431s] 
[3.431s] Installed /home/srooney/Documents/rbe500/hw1/build/examples_rclpy_minimal_service
[3.432s] running install_data
[3.432s] creating /home/srooney/Documents/rbe500/hw1/install/examples_rclpy_minimal_service/share/ament_index
[3.432s] creating /home/srooney/Documents/rbe500/hw1/install/examples_rclpy_minimal_service/share/ament_index/resource_index
[3.432s] creating /home/srooney/Documents/rbe500/hw1/install/examples_rclpy_minimal_service/share/ament_index/resource_index/packages
[3.432s] copying resource/examples_rclpy_minimal_service -> /home/srooney/Documents/rbe500/hw1/install/examples_rclpy_minimal_service/share/ament_index/resource_index/packages
[3.432s] copying package.xml -> /home/srooney/Documents/rbe500/hw1/install/examples_rclpy_minimal_service/share/examples_rclpy_minimal_service
[3.437s] /usr/lib/python3/dist-packages/setuptools/command/easy_install.py:158: EasyInstallDeprecationWarning: easy_install command is deprecated. Use build and pip and other standards-based tools.
[3.437s]   warnings.warn(
[3.437s] /usr/lib/python3/dist-packages/setuptools/command/install.py:34: SetuptoolsDeprecationWarning: setup.py install is deprecated. Use build and pip and other standards-based tools.
[3.437s]   warnings.warn(
[3.475s] Invoked command in '/home/srooney/Documents/rbe500/hw1/build/examples_rclpy_minimal_service' returned '0': PYTHONPATH=/home/srooney/Documents/rbe500/hw1/build/examples_rclpy_minimal_service/prefix_override:/home/srooney/Documents/rbe500/hw1/install/examples_rclpy_minimal_service/lib/python3.10/site-packages:${PYTHONPATH} /usr/bin/python3 setup.py develop --editable --build-directory /home/srooney/Documents/rbe500/hw1/build/examples_rclpy_minimal_service/build --no-deps install_data
