[0.095s] Invoking command in '/home/srooney/Documents/rbe500/hw1/build/examples_rclcpp_multithreaded_executor': CMAKE_PREFIX_PATH=/opt/ros/humble /usr/bin/cmake /home/srooney/Documents/rbe500/hw1/src/examples/rclcpp/executors/multithreaded_executor -DAMENT_CMAKE_SYMLINK_INSTALL=1 -DCMAKE_INSTALL_PREFIX=/home/srooney/Documents/rbe500/hw1/install/examples_rclcpp_multithreaded_executor
[2.398s] -- The C compiler identification is GNU 11.4.0
[2.399s] -- The CXX compiler identification is GNU 11.4.0
[2.399s] -- Detecting C compiler ABI info
[2.399s] -- Detecting C compiler ABI info - done
[2.399s] -- Check for working C compiler: /usr/bin/cc - skipped
[2.399s] -- Detecting C compile features
[2.399s] -- Detecting C compile features - done
[2.400s] -- Detecting CXX compiler ABI info
[2.400s] -- Detecting CXX compiler ABI info - done
[2.400s] -- Check for working CXX compiler: /usr/bin/c++ - skipped
[2.400s] -- Detecting CXX compile features
[2.403s] -- Detecting CXX compile features - done
[2.403s] -- Found ament_cmake: 1.3.5 (/opt/ros/humble/share/ament_cmake/cmake)
[2.404s] -- Found Python3: /usr/bin/python3.10 (found version "3.10.12") found components: Interpreter 
[2.404s] -- Override CMake install command with custom implementation using symlinks instead of copying resources
[2.404s] -- Found rclcpp: 16.0.5 (/opt/ros/humble/share/rclcpp/cmake)
[2.404s] -- Found rosidl_generator_c: 3.1.5 (/opt/ros/humble/share/rosidl_generator_c/cmake)
[2.404s] -- Found rosidl_adapter: 3.1.5 (/opt/ros/humble/share/rosidl_adapter/cmake)
[2.404s] -- Found rosidl_generator_cpp: 3.1.5 (/opt/ros/humble/share/rosidl_generator_cpp/cmake)
[2.404s] -- Using all available rosidl_typesupport_c: rosidl_typesupport_fastrtps_c;rosidl_typesupport_introspection_c
[2.404s] -- Using all available rosidl_typesupport_cpp: rosidl_typesupport_fastrtps_cpp;rosidl_typesupport_introspection_cpp
[2.405s] -- Found rmw_implementation_cmake: 6.1.1 (/opt/ros/humble/share/rmw_implementation_cmake/cmake)
[2.405s] -- Found rmw_fastrtps_cpp: 6.2.3 (/opt/ros/humble/share/rmw_fastrtps_cpp/cmake)
[2.405s] -- Found OpenSSL: /usr/lib/x86_64-linux-gnu/libcrypto.so (found version "3.0.2")  
[2.405s] -- Found FastRTPS: /opt/ros/humble/include  
[2.405s] -- Using RMW implementation 'rmw_fastrtps_cpp' as default
[2.405s] -- Looking for pthread.h
[2.405s] -- Looking for pthread.h - found
[2.406s] -- Performing Test CMAKE_HAVE_LIBC_PTHREAD
[2.406s] -- Performing Test CMAKE_HAVE_LIBC_PTHREAD - Success
[2.406s] -- Found Threads: TRUE  
[2.406s] -- Found ament_lint_auto: 0.12.7 (/opt/ros/humble/share/ament_lint_auto/cmake)
[2.406s] -- Added test 'copyright' to check source files copyright and LICENSE
[2.406s] -- Added test 'cppcheck' to perform static code analysis on C / C++ code
[2.406s] -- Configured cppcheck include dirs: 
[2.406s] -- Configured cppcheck exclude dirs and/or files: 
[2.407s] -- Added test 'cpplint' to check C / C++ code against the Google style
[2.407s] -- Configured cpplint exclude dirs and/or files: 
[2.407s] -- Added test 'lint_cmake' to check CMake code style
[2.407s] -- Added test 'uncrustify' to check C / C++ code style
[2.407s] -- Configured uncrustify additional arguments: 
[2.407s] -- Added test 'xmllint' to check XML markup files
[2.407s] -- Configuring done
[2.407s] -- Generating done
[2.408s] -- Build files have been written to: /home/srooney/Documents/rbe500/hw1/build/examples_rclcpp_multithreaded_executor
[2.426s] Invoked command in '/home/srooney/Documents/rbe500/hw1/build/examples_rclcpp_multithreaded_executor' returned '0': CMAKE_PREFIX_PATH=/opt/ros/humble /usr/bin/cmake /home/srooney/Documents/rbe500/hw1/src/examples/rclcpp/executors/multithreaded_executor -DAMENT_CMAKE_SYMLINK_INSTALL=1 -DCMAKE_INSTALL_PREFIX=/home/srooney/Documents/rbe500/hw1/install/examples_rclcpp_multithreaded_executor
[2.428s] Invoking command in '/home/srooney/Documents/rbe500/hw1/build/examples_rclcpp_multithreaded_executor': CMAKE_PREFIX_PATH=/opt/ros/humble /usr/bin/cmake --build /home/srooney/Documents/rbe500/hw1/build/examples_rclcpp_multithreaded_executor -- -j16 -l16
[2.568s] [ 50%] [32mBuilding CXX object CMakeFiles/multithreaded_executor.dir/multithreaded_executor.cpp.o[0m
