[2.164s] Invoking command in '/home/srooney/Documents/rbe500/hw1/build/examples_rclpy_minimal_action_client': PYTHONPATH=/home/srooney/Documents/rbe500/hw1/build/examples_rclpy_minimal_action_client/prefix_override:/home/srooney/Documents/rbe500/hw1/install/examples_rclpy_minimal_action_client/lib/python3.10/site-packages:${PYTHONPATH} /usr/bin/python3 setup.py develop --editable --build-directory /home/srooney/Documents/rbe500/hw1/build/examples_rclpy_minimal_action_client/build --no-deps install_data
[2.478s] /usr/lib/python3/dist-packages/setuptools/command/easy_install.py:158: EasyInstallDeprecationWarning: easy_install command is deprecated. Use build and pip and other standards-based tools.
[2.478s]   warnings.warn(
[2.478s] /usr/lib/python3/dist-packages/setuptools/command/install.py:34: SetuptoolsDeprecationWarning: setup.py install is deprecated. Use build and pip and other standards-based tools.
[2.478s]   warnings.warn(
[2.478s] running develop
[2.607s] running egg_info
[2.607s] writing examples_rclpy_minimal_action_client.egg-info/PKG-INFO
[2.607s] writing dependency_links to examples_rclpy_minimal_action_client.egg-info/dependency_links.txt
[2.607s] writing entry points to examples_rclpy_minimal_action_client.egg-info/entry_points.txt
[2.608s] writing requirements to examples_rclpy_minimal_action_client.egg-info/requires.txt
[2.608s] writing top-level names to examples_rclpy_minimal_action_client.egg-info/top_level.txt
[2.609s] reading manifest file 'examples_rclpy_minimal_action_client.egg-info/SOURCES.txt'
[2.610s] writing manifest file 'examples_rclpy_minimal_action_client.egg-info/SOURCES.txt'
[2.612s] running build_ext
[2.612s] Creating /home/srooney/Documents/rbe500/hw1/install/examples_rclpy_minimal_action_client/lib/python3.10/site-packages/examples-rclpy-minimal-action-client.egg-link (link to .)
[2.613s] Installing client script to /home/srooney/Documents/rbe500/hw1/install/examples_rclpy_minimal_action_client/lib/examples_rclpy_minimal_action_client
[2.613s] Installing client_asyncio script to /home/srooney/Documents/rbe500/hw1/install/examples_rclpy_minimal_action_client/lib/examples_rclpy_minimal_action_client
[2.614s] Installing client_cancel script to /home/srooney/Documents/rbe500/hw1/install/examples_rclpy_minimal_action_client/lib/examples_rclpy_minimal_action_client
[2.614s] Installing client_not_composable script to /home/srooney/Documents/rbe500/hw1/install/examples_rclpy_minimal_action_client/lib/examples_rclpy_minimal_action_client
[2.614s] 
[2.614s] Installed /home/srooney/Documents/rbe500/hw1/build/examples_rclpy_minimal_action_client
[2.614s] running install_data
[4.021s] Invoked command in '/home/srooney/Documents/rbe500/hw1/build/examples_rclpy_minimal_action_client' returned '0': PYTHONPATH=/home/srooney/Documents/rbe500/hw1/build/examples_rclpy_minimal_action_client/prefix_override:/home/srooney/Documents/rbe500/hw1/install/examples_rclpy_minimal_action_client/lib/python3.10/site-packages:${PYTHONPATH} /usr/bin/python3 setup.py develop --editable --build-directory /home/srooney/Documents/rbe500/hw1/build/examples_rclpy_minimal_action_client/build --no-deps install_data
