[2.510s] Invoking command in '/home/srooney/Documents/rbe500/hw1/build/examples_rclpy_minimal_action_client': PYTHONPATH=/home/srooney/Documents/rbe500/hw1/build/examples_rclpy_minimal_action_client/prefix_override:/home/srooney/Documents/rbe500/hw1/install/examples_rclpy_minimal_action_client/lib/python3.10/site-packages:${PYTHONPATH} /usr/bin/python3 setup.py develop --editable --build-directory /home/srooney/Documents/rbe500/hw1/build/examples_rclpy_minimal_action_client/build --no-deps install_data
[2.994s] running develop
[2.999s] /usr/lib/python3/dist-packages/setuptools/command/easy_install.py:158: EasyInstallDeprecationWarning: easy_install command is deprecated. Use build and pip and other standards-based tools.
[3.000s]   warnings.warn(
[3.007s] /usr/lib/python3/dist-packages/setuptools/command/install.py:34: SetuptoolsDeprecationWarning: setup.py install is deprecated. Use build and pip and other standards-based tools.
[3.007s]   warnings.warn(
[3.467s] running egg_info
[3.467s] creating examples_rclpy_minimal_action_client.egg-info
[3.468s] writing examples_rclpy_minimal_action_client.egg-info/PKG-INFO
[3.487s] writing dependency_links to examples_rclpy_minimal_action_client.egg-info/dependency_links.txt
[3.487s] writing entry points to examples_rclpy_minimal_action_client.egg-info/entry_points.txt
[3.487s] writing requirements to examples_rclpy_minimal_action_client.egg-info/requires.txt
[3.487s] writing top-level names to examples_rclpy_minimal_action_client.egg-info/top_level.txt
[3.488s] writing manifest file 'examples_rclpy_minimal_action_client.egg-info/SOURCES.txt'
[3.503s] reading manifest file 'examples_rclpy_minimal_action_client.egg-info/SOURCES.txt'
[3.512s] writing manifest file 'examples_rclpy_minimal_action_client.egg-info/SOURCES.txt'
[3.531s] running build_ext
[3.539s] Creating /home/srooney/Documents/rbe500/hw1/install/examples_rclpy_minimal_action_client/lib/python3.10/site-packages/examples-rclpy-minimal-action-client.egg-link (link to .)
[3.545s] Installing client script to /home/srooney/Documents/rbe500/hw1/install/examples_rclpy_minimal_action_client/lib/examples_rclpy_minimal_action_client
[3.546s] Installing client_asyncio script to /home/srooney/Documents/rbe500/hw1/install/examples_rclpy_minimal_action_client/lib/examples_rclpy_minimal_action_client
[3.546s] Installing client_cancel script to /home/srooney/Documents/rbe500/hw1/install/examples_rclpy_minimal_action_client/lib/examples_rclpy_minimal_action_client
[3.547s] Installing client_not_composable script to /home/srooney/Documents/rbe500/hw1/install/examples_rclpy_minimal_action_client/lib/examples_rclpy_minimal_action_client
[3.547s] 
[3.548s] Installed /home/srooney/Documents/rbe500/hw1/build/examples_rclpy_minimal_action_client
[3.551s] running install_data
[3.551s] creating /home/srooney/Documents/rbe500/hw1/install/examples_rclpy_minimal_action_client/share/ament_index
[3.552s] creating /home/srooney/Documents/rbe500/hw1/install/examples_rclpy_minimal_action_client/share/ament_index/resource_index
[3.552s] creating /home/srooney/Documents/rbe500/hw1/install/examples_rclpy_minimal_action_client/share/ament_index/resource_index/packages
[3.552s] copying resource/examples_rclpy_minimal_action_client -> /home/srooney/Documents/rbe500/hw1/install/examples_rclpy_minimal_action_client/share/ament_index/resource_index/packages
[3.552s] copying package.xml -> /home/srooney/Documents/rbe500/hw1/install/examples_rclpy_minimal_action_client/share/examples_rclpy_minimal_action_client
[3.763s] Invoked command in '/home/srooney/Documents/rbe500/hw1/build/examples_rclpy_minimal_action_client' returned '0': PYTHONPATH=/home/srooney/Documents/rbe500/hw1/build/examples_rclpy_minimal_action_client/prefix_override:/home/srooney/Documents/rbe500/hw1/install/examples_rclpy_minimal_action_client/lib/python3.10/site-packages:${PYTHONPATH} /usr/bin/python3 setup.py develop --editable --build-directory /home/srooney/Documents/rbe500/hw1/build/examples_rclpy_minimal_action_client/build --no-deps install_data
