[3.230s] Invoking command in '/home/srooney/Documents/rbe500/hw1/build/examples_rclpy_minimal_action_server': PYTHONPATH=/home/srooney/Documents/rbe500/hw1/build/examples_rclpy_minimal_action_server/prefix_override:/home/srooney/Documents/rbe500/hw1/install/examples_rclpy_minimal_action_server/lib/python3.10/site-packages:${PYTHONPATH} /usr/bin/python3 setup.py develop --editable --build-directory /home/srooney/Documents/rbe500/hw1/build/examples_rclpy_minimal_action_server/build --no-deps install_data
[7.510s] /usr/lib/python3/dist-packages/setuptools/command/easy_install.py:158: EasyInstallDeprecationWarning: easy_install command is deprecated. Use build and pip and other standards-based tools.
[7.510s]   warnings.warn(
[7.511s] /usr/lib/python3/dist-packages/setuptools/command/install.py:34: SetuptoolsDeprecationWarning: setup.py install is deprecated. Use build and pip and other standards-based tools.
[7.511s]   warnings.warn(
[7.511s] running develop
[7.511s] running egg_info
[7.511s] writing examples_rclpy_minimal_action_server.egg-info/PKG-INFO
[7.511s] writing dependency_links to examples_rclpy_minimal_action_server.egg-info/dependency_links.txt
[7.511s] writing entry points to examples_rclpy_minimal_action_server.egg-info/entry_points.txt
[7.511s] writing requirements to examples_rclpy_minimal_action_server.egg-info/requires.txt
[7.512s] writing top-level names to examples_rclpy_minimal_action_server.egg-info/top_level.txt
[7.512s] reading manifest file 'examples_rclpy_minimal_action_server.egg-info/SOURCES.txt'
[7.512s] writing manifest file 'examples_rclpy_minimal_action_server.egg-info/SOURCES.txt'
[7.512s] running build_ext
[7.512s] Creating /home/srooney/Documents/rbe500/hw1/install/examples_rclpy_minimal_action_server/lib/python3.10/site-packages/examples-rclpy-minimal-action-server.egg-link (link to .)
[7.512s] Installing server script to /home/srooney/Documents/rbe500/hw1/install/examples_rclpy_minimal_action_server/lib/examples_rclpy_minimal_action_server
[7.513s] Installing server_defer script to /home/srooney/Documents/rbe500/hw1/install/examples_rclpy_minimal_action_server/lib/examples_rclpy_minimal_action_server
[7.513s] Installing server_not_composable script to /home/srooney/Documents/rbe500/hw1/install/examples_rclpy_minimal_action_server/lib/examples_rclpy_minimal_action_server
[7.513s] Installing server_queue_goals script to /home/srooney/Documents/rbe500/hw1/install/examples_rclpy_minimal_action_server/lib/examples_rclpy_minimal_action_server
[7.513s] Installing server_single_goal script to /home/srooney/Documents/rbe500/hw1/install/examples_rclpy_minimal_action_server/lib/examples_rclpy_minimal_action_server
[7.513s] 
[7.513s] Installed /home/srooney/Documents/rbe500/hw1/build/examples_rclpy_minimal_action_server
[7.513s] running install_data
[7.588s] Invoked command in '/home/srooney/Documents/rbe500/hw1/build/examples_rclpy_minimal_action_server' returned '0': PYTHONPATH=/home/srooney/Documents/rbe500/hw1/build/examples_rclpy_minimal_action_server/prefix_override:/home/srooney/Documents/rbe500/hw1/install/examples_rclpy_minimal_action_server/lib/python3.10/site-packages:${PYTHONPATH} /usr/bin/python3 setup.py develop --editable --build-directory /home/srooney/Documents/rbe500/hw1/build/examples_rclpy_minimal_action_server/build --no-deps install_data
