[0.742s] Invoking command in '/home/srooney/Documents/rbe500/hw1/src/hw1_py_pubsub': PYTHONPATH=/home/srooney/Documents/rbe500/hw1/build/hw1_py_pubsub/prefix_override:/home/srooney/Documents/rbe500/hw1/install/hw1_py_pubsub/lib/python3.10/site-packages:${PYTHONPATH} /usr/bin/python3 setup.py egg_info --egg-base ../../build/hw1_py_pubsub build --build-base /home/srooney/Documents/rbe500/hw1/build/hw1_py_pubsub/build install --record /home/srooney/Documents/rbe500/hw1/build/hw1_py_pubsub/install.log --single-version-externally-managed
[1.018s] running egg_info
[1.019s] writing ../../build/hw1_py_pubsub/hw1_py_pubsub.egg-info/PKG-INFO
[1.019s] writing dependency_links to ../../build/hw1_py_pubsub/hw1_py_pubsub.egg-info/dependency_links.txt
[1.020s] writing entry points to ../../build/hw1_py_pubsub/hw1_py_pubsub.egg-info/entry_points.txt
[1.020s] writing requirements to ../../build/hw1_py_pubsub/hw1_py_pubsub.egg-info/requires.txt
[1.020s] writing top-level names to ../../build/hw1_py_pubsub/hw1_py_pubsub.egg-info/top_level.txt
[1.021s] reading manifest file '../../build/hw1_py_pubsub/hw1_py_pubsub.egg-info/SOURCES.txt'
[1.023s] writing manifest file '../../build/hw1_py_pubsub/hw1_py_pubsub.egg-info/SOURCES.txt'
[1.023s] running build
[1.023s] running build_py
[1.023s] copying hw1_py_pubsub/rooney_publisher.py -> /home/srooney/Documents/rbe500/hw1/build/hw1_py_pubsub/build/lib/hw1_py_pubsub
[1.024s] /usr/lib/python3/dist-packages/setuptools/command/install.py:34: SetuptoolsDeprecationWarning: setup.py install is deprecated. Use build and pip and other standards-based tools.
[1.024s]   warnings.warn(
[1.024s] running install
[1.024s] running install_lib
[1.024s] copying /home/srooney/Documents/rbe500/hw1/build/hw1_py_pubsub/build/lib/hw1_py_pubsub/rooney_publisher.py -> /home/srooney/Documents/rbe500/hw1/install/hw1_py_pubsub/lib/python3.10/site-packages/hw1_py_pubsub
[1.025s] byte-compiling /home/srooney/Documents/rbe500/hw1/install/hw1_py_pubsub/lib/python3.10/site-packages/hw1_py_pubsub/rooney_publisher.py to rooney_publisher.cpython-310.pyc
[1.026s] running install_data
[1.026s] running install_egg_info
[1.028s] removing '/home/srooney/Documents/rbe500/hw1/install/hw1_py_pubsub/lib/python3.10/site-packages/hw1_py_pubsub-0.0.0-py3.10.egg-info' (and everything under it)
[1.029s] Copying ../../build/hw1_py_pubsub/hw1_py_pubsub.egg-info to /home/srooney/Documents/rbe500/hw1/install/hw1_py_pubsub/lib/python3.10/site-packages/hw1_py_pubsub-0.0.0-py3.10.egg-info
[1.029s] running install_scripts
[1.054s] Installing listener script to /home/srooney/Documents/rbe500/hw1/install/hw1_py_pubsub/lib/hw1_py_pubsub
[1.055s] Installing talker script to /home/srooney/Documents/rbe500/hw1/install/hw1_py_pubsub/lib/hw1_py_pubsub
[1.055s] writing list of installed files to '/home/srooney/Documents/rbe500/hw1/build/hw1_py_pubsub/install.log'
[1.087s] Invoked command in '/home/srooney/Documents/rbe500/hw1/src/hw1_py_pubsub' returned '0': PYTHONPATH=/home/srooney/Documents/rbe500/hw1/build/hw1_py_pubsub/prefix_override:/home/srooney/Documents/rbe500/hw1/install/hw1_py_pubsub/lib/python3.10/site-packages:${PYTHONPATH} /usr/bin/python3 setup.py egg_info --egg-base ../../build/hw1_py_pubsub build --build-base /home/srooney/Documents/rbe500/hw1/build/hw1_py_pubsub/build install --record /home/srooney/Documents/rbe500/hw1/build/hw1_py_pubsub/install.log --single-version-externally-managed
