[2.466s] Invoking command in '/home/srooney/Documents/rbe500/hw1/build/examples_rclpy_minimal_action_server': PYTHONPATH=/home/srooney/Documents/rbe500/hw1/build/examples_rclpy_minimal_action_server/prefix_override:/home/srooney/Documents/rbe500/hw1/install/examples_rclpy_minimal_action_server/lib/python3.10/site-packages:${PYTHONPATH} /usr/bin/python3 setup.py develop --editable --build-directory /home/srooney/Documents/rbe500/hw1/build/examples_rclpy_minimal_action_server/build --no-deps install_data
[3.382s] /usr/lib/python3/dist-packages/setuptools/command/easy_install.py:158: EasyInstallDeprecationWarning: easy_install command is deprecated. Use build and pip and other standards-based tools.
[3.383s]   warnings.warn(
[3.383s] /usr/lib/python3/dist-packages/setuptools/command/install.py:34: SetuptoolsDeprecationWarning: setup.py install is deprecated. Use build and pip and other standards-based tools.
[3.383s]   warnings.warn(
[3.383s] running develop
[3.383s] running egg_info
[3.383s] writing examples_rclpy_minimal_action_server.egg-info/PKG-INFO
[3.384s] writing dependency_links to examples_rclpy_minimal_action_server.egg-info/dependency_links.txt
[3.384s] writing entry points to examples_rclpy_minimal_action_server.egg-info/entry_points.txt
[3.384s] writing requirements to examples_rclpy_minimal_action_server.egg-info/requires.txt
[3.384s] writing top-level names to examples_rclpy_minimal_action_server.egg-info/top_level.txt
[3.384s] reading manifest file 'examples_rclpy_minimal_action_server.egg-info/SOURCES.txt'
[3.384s] writing manifest file 'examples_rclpy_minimal_action_server.egg-info/SOURCES.txt'
[3.385s] running build_ext
[3.385s] Creating /home/srooney/Documents/rbe500/hw1/install/examples_rclpy_minimal_action_server/lib/python3.10/site-packages/examples-rclpy-minimal-action-server.egg-link (link to .)
[3.385s] Installing server script to /home/srooney/Documents/rbe500/hw1/install/examples_rclpy_minimal_action_server/lib/examples_rclpy_minimal_action_server
[3.385s] Installing server_defer script to /home/srooney/Documents/rbe500/hw1/install/examples_rclpy_minimal_action_server/lib/examples_rclpy_minimal_action_server
[3.385s] Installing server_not_composable script to /home/srooney/Documents/rbe500/hw1/install/examples_rclpy_minimal_action_server/lib/examples_rclpy_minimal_action_server
[3.385s] Installing server_queue_goals script to /home/srooney/Documents/rbe500/hw1/install/examples_rclpy_minimal_action_server/lib/examples_rclpy_minimal_action_server
[3.385s] Installing server_single_goal script to /home/srooney/Documents/rbe500/hw1/install/examples_rclpy_minimal_action_server/lib/examples_rclpy_minimal_action_server
[3.386s] 
[3.386s] Installed /home/srooney/Documents/rbe500/hw1/build/examples_rclpy_minimal_action_server
[3.386s] running install_data
[3.989s] Invoked command in '/home/srooney/Documents/rbe500/hw1/build/examples_rclpy_minimal_action_server' returned '0': PYTHONPATH=/home/srooney/Documents/rbe500/hw1/build/examples_rclpy_minimal_action_server/prefix_override:/home/srooney/Documents/rbe500/hw1/install/examples_rclpy_minimal_action_server/lib/python3.10/site-packages:${PYTHONPATH} /usr/bin/python3 setup.py develop --editable --build-directory /home/srooney/Documents/rbe500/hw1/build/examples_rclpy_minimal_action_server/build --no-deps install_data
