[0.778s] Invoking command in '/home/srooney/Documents/rbe500/hw1/src/hw1_py_pubsub': PYTHONPATH=/home/srooney/Documents/rbe500/hw1/build/hw1_py_pubsub/prefix_override:/home/srooney/Documents/rbe500/hw1/install/hw1_py_pubsub/lib/python3.10/site-packages:${PYTHONPATH} /usr/bin/python3 setup.py egg_info --egg-base ../../build/hw1_py_pubsub build --build-base /home/srooney/Documents/rbe500/hw1/build/hw1_py_pubsub/build install --record /home/srooney/Documents/rbe500/hw1/build/hw1_py_pubsub/install.log --single-version-externally-managed
[1.098s] running egg_info
[1.098s] creating ../../build/hw1_py_pubsub/hw1_py_pubsub.egg-info
[1.099s] writing ../../build/hw1_py_pubsub/hw1_py_pubsub.egg-info/PKG-INFO
[1.099s] writing dependency_links to ../../build/hw1_py_pubsub/hw1_py_pubsub.egg-info/dependency_links.txt
[1.099s] writing entry points to ../../build/hw1_py_pubsub/hw1_py_pubsub.egg-info/entry_points.txt
[1.100s] writing requirements to ../../build/hw1_py_pubsub/hw1_py_pubsub.egg-info/requires.txt
[1.100s] writing top-level names to ../../build/hw1_py_pubsub/hw1_py_pubsub.egg-info/top_level.txt
[1.100s] writing manifest file '../../build/hw1_py_pubsub/hw1_py_pubsub.egg-info/SOURCES.txt'
[1.102s] reading manifest file '../../build/hw1_py_pubsub/hw1_py_pubsub.egg-info/SOURCES.txt'
[1.103s] writing manifest file '../../build/hw1_py_pubsub/hw1_py_pubsub.egg-info/SOURCES.txt'
[1.103s] running build
[1.103s] running build_py
[1.103s] creating /home/srooney/Documents/rbe500/hw1/build/hw1_py_pubsub/build
[1.104s] creating /home/srooney/Documents/rbe500/hw1/build/hw1_py_pubsub/build/lib
[1.104s] creating /home/srooney/Documents/rbe500/hw1/build/hw1_py_pubsub/build/lib/hw1_py_pubsub
[1.104s] copying hw1_py_pubsub/rooney_subscriber.py -> /home/srooney/Documents/rbe500/hw1/build/hw1_py_pubsub/build/lib/hw1_py_pubsub
[1.104s] copying hw1_py_pubsub/__init__.py -> /home/srooney/Documents/rbe500/hw1/build/hw1_py_pubsub/build/lib/hw1_py_pubsub
[1.104s] copying hw1_py_pubsub/rooney_publisher.py -> /home/srooney/Documents/rbe500/hw1/build/hw1_py_pubsub/build/lib/hw1_py_pubsub
[1.105s] /usr/lib/python3/dist-packages/setuptools/command/install.py:34: SetuptoolsDeprecationWarning: setup.py install is deprecated. Use build and pip and other standards-based tools.
[1.105s]   warnings.warn(
[1.105s] running install
[1.105s] running install_lib
[1.106s] creating /home/srooney/Documents/rbe500/hw1/install/hw1_py_pubsub/lib/python3.10/site-packages/hw1_py_pubsub
[1.106s] copying /home/srooney/Documents/rbe500/hw1/build/hw1_py_pubsub/build/lib/hw1_py_pubsub/rooney_subscriber.py -> /home/srooney/Documents/rbe500/hw1/install/hw1_py_pubsub/lib/python3.10/site-packages/hw1_py_pubsub
[1.107s] copying /home/srooney/Documents/rbe500/hw1/build/hw1_py_pubsub/build/lib/hw1_py_pubsub/__init__.py -> /home/srooney/Documents/rbe500/hw1/install/hw1_py_pubsub/lib/python3.10/site-packages/hw1_py_pubsub
[1.107s] copying /home/srooney/Documents/rbe500/hw1/build/hw1_py_pubsub/build/lib/hw1_py_pubsub/rooney_publisher.py -> /home/srooney/Documents/rbe500/hw1/install/hw1_py_pubsub/lib/python3.10/site-packages/hw1_py_pubsub
[1.107s] byte-compiling /home/srooney/Documents/rbe500/hw1/install/hw1_py_pubsub/lib/python3.10/site-packages/hw1_py_pubsub/rooney_subscriber.py to rooney_subscriber.cpython-310.pyc
[1.108s] byte-compiling /home/srooney/Documents/rbe500/hw1/install/hw1_py_pubsub/lib/python3.10/site-packages/hw1_py_pubsub/__init__.py to __init__.cpython-310.pyc
[1.108s] byte-compiling /home/srooney/Documents/rbe500/hw1/install/hw1_py_pubsub/lib/python3.10/site-packages/hw1_py_pubsub/rooney_publisher.py to rooney_publisher.cpython-310.pyc
[1.108s] running install_data
[1.109s]   File "/home/srooney/Documents/rbe500/hw1/install/hw1_py_pubsub/lib/python3.10/site-packages/hw1_py_pubsub/rooney_publisher.py", line 24
[1.109s]     def main(args=None)
[1.109s]                        ^
[1.109s] SyntaxError: expected ':'
[1.109s] 
[1.109s] creating /home/srooney/Documents/rbe500/hw1/install/hw1_py_pubsub/share/ament_index
[1.110s] creating /home/srooney/Documents/rbe500/hw1/install/hw1_py_pubsub/share/ament_index/resource_index
[1.110s] creating /home/srooney/Documents/rbe500/hw1/install/hw1_py_pubsub/share/ament_index/resource_index/packages
[1.110s] copying resource/hw1_py_pubsub -> /home/srooney/Documents/rbe500/hw1/install/hw1_py_pubsub/share/ament_index/resource_index/packages
[1.110s] copying package.xml -> /home/srooney/Documents/rbe500/hw1/install/hw1_py_pubsub/share/hw1_py_pubsub
[1.110s] running install_egg_info
[1.112s] Copying ../../build/hw1_py_pubsub/hw1_py_pubsub.egg-info to /home/srooney/Documents/rbe500/hw1/install/hw1_py_pubsub/lib/python3.10/site-packages/hw1_py_pubsub-0.0.0-py3.10.egg-info
[1.113s] running install_scripts
[1.144s] Installing listener script to /home/srooney/Documents/rbe500/hw1/install/hw1_py_pubsub/lib/hw1_py_pubsub
[1.144s] Installing talker script to /home/srooney/Documents/rbe500/hw1/install/hw1_py_pubsub/lib/hw1_py_pubsub
[1.144s] writing list of installed files to '/home/srooney/Documents/rbe500/hw1/build/hw1_py_pubsub/install.log'
[1.196s] Invoked command in '/home/srooney/Documents/rbe500/hw1/src/hw1_py_pubsub' returned '0': PYTHONPATH=/home/srooney/Documents/rbe500/hw1/build/hw1_py_pubsub/prefix_override:/home/srooney/Documents/rbe500/hw1/install/hw1_py_pubsub/lib/python3.10/site-packages:${PYTHONPATH} /usr/bin/python3 setup.py egg_info --egg-base ../../build/hw1_py_pubsub build --build-base /home/srooney/Documents/rbe500/hw1/build/hw1_py_pubsub/build install --record /home/srooney/Documents/rbe500/hw1/build/hw1_py_pubsub/install.log --single-version-externally-managed
