[2.498s] Invoking command in '/home/srooney/Documents/rbe500/hw1/build/examples_rclpy_executors': PYTHONPATH=/home/srooney/Documents/rbe500/hw1/build/examples_rclpy_executors/prefix_override:/home/srooney/Documents/rbe500/hw1/install/examples_rclpy_executors/lib/python3.10/site-packages:${PYTHONPATH} /usr/bin/python3 setup.py develop --editable --build-directory /home/srooney/Documents/rbe500/hw1/build/examples_rclpy_executors/build --no-deps install_data
[3.416s] running develop
[3.417s] running egg_info
[3.417s] writing examples_rclpy_executors.egg-info/PKG-INFO
[3.417s] writing dependency_links to examples_rclpy_executors.egg-info/dependency_links.txt
[3.417s] writing entry points to examples_rclpy_executors.egg-info/entry_points.txt
[3.417s] writing requirements to examples_rclpy_executors.egg-info/requires.txt
[3.417s] writing top-level names to examples_rclpy_executors.egg-info/top_level.txt
[3.417s] reading manifest file 'examples_rclpy_executors.egg-info/SOURCES.txt'
[3.418s] writing manifest file 'examples_rclpy_executors.egg-info/SOURCES.txt'
[3.418s] running build_ext
[3.418s] Creating /home/srooney/Documents/rbe500/hw1/install/examples_rclpy_executors/lib/python3.10/site-packages/examples-rclpy-executors.egg-link (link to .)
[3.418s] Installing callback_group script to /home/srooney/Documents/rbe500/hw1/install/examples_rclpy_executors/lib/examples_rclpy_executors
[3.418s] Installing composed script to /home/srooney/Documents/rbe500/hw1/install/examples_rclpy_executors/lib/examples_rclpy_executors
[3.418s] Installing custom_callback_group script to /home/srooney/Documents/rbe500/hw1/install/examples_rclpy_executors/lib/examples_rclpy_executors
[3.418s] Installing custom_executor script to /home/srooney/Documents/rbe500/hw1/install/examples_rclpy_executors/lib/examples_rclpy_executors
[3.419s] Installing listener script to /home/srooney/Documents/rbe500/hw1/install/examples_rclpy_executors/lib/examples_rclpy_executors
[3.419s] Installing talker script to /home/srooney/Documents/rbe500/hw1/install/examples_rclpy_executors/lib/examples_rclpy_executors
[3.419s] 
[3.419s] Installed /home/srooney/Documents/rbe500/hw1/build/examples_rclpy_executors
[3.419s] running install_data
[3.419s] /usr/lib/python3/dist-packages/setuptools/command/easy_install.py:158: EasyInstallDeprecationWarning: easy_install command is deprecated. Use build and pip and other standards-based tools.
[3.420s]   warnings.warn(
[3.420s] /usr/lib/python3/dist-packages/setuptools/command/install.py:34: SetuptoolsDeprecationWarning: setup.py install is deprecated. Use build and pip and other standards-based tools.
[3.420s]   warnings.warn(
[3.995s] Invoked command in '/home/srooney/Documents/rbe500/hw1/build/examples_rclpy_executors' returned '0': PYTHONPATH=/home/srooney/Documents/rbe500/hw1/build/examples_rclpy_executors/prefix_override:/home/srooney/Documents/rbe500/hw1/install/examples_rclpy_executors/lib/python3.10/site-packages:${PYTHONPATH} /usr/bin/python3 setup.py develop --editable --build-directory /home/srooney/Documents/rbe500/hw1/build/examples_rclpy_executors/build --no-deps install_data
