[3.244s] Invoking command in '/home/srooney/Documents/rbe500/hw1/build/examples_rclpy_executors': PYTHONPATH=/home/srooney/Documents/rbe500/hw1/build/examples_rclpy_executors/prefix_override:/home/srooney/Documents/rbe500/hw1/install/examples_rclpy_executors/lib/python3.10/site-packages:${PYTHONPATH} /usr/bin/python3 setup.py develop --editable --build-directory /home/srooney/Documents/rbe500/hw1/build/examples_rclpy_executors/build --no-deps install_data
[7.536s] /usr/lib/python3/dist-packages/setuptools/command/easy_install.py:158: EasyInstallDeprecationWarning: easy_install command is deprecated. Use build and pip and other standards-based tools.
[7.537s]   warnings.warn(
[7.537s] /usr/lib/python3/dist-packages/setuptools/command/install.py:34: SetuptoolsDeprecationWarning: setup.py install is deprecated. Use build and pip and other standards-based tools.
[7.537s]   warnings.warn(
[7.537s] running develop
[7.537s] running egg_info
[7.538s] writing examples_rclpy_executors.egg-info/PKG-INFO
[7.538s] writing dependency_links to examples_rclpy_executors.egg-info/dependency_links.txt
[7.538s] writing entry points to examples_rclpy_executors.egg-info/entry_points.txt
[7.538s] writing requirements to examples_rclpy_executors.egg-info/requires.txt
[7.538s] writing top-level names to examples_rclpy_executors.egg-info/top_level.txt
[7.538s] reading manifest file 'examples_rclpy_executors.egg-info/SOURCES.txt'
[7.538s] writing manifest file 'examples_rclpy_executors.egg-info/SOURCES.txt'
[7.538s] running build_ext
[7.539s] Creating /home/srooney/Documents/rbe500/hw1/install/examples_rclpy_executors/lib/python3.10/site-packages/examples-rclpy-executors.egg-link (link to .)
[7.539s] Installing callback_group script to /home/srooney/Documents/rbe500/hw1/install/examples_rclpy_executors/lib/examples_rclpy_executors
[7.539s] Installing composed script to /home/srooney/Documents/rbe500/hw1/install/examples_rclpy_executors/lib/examples_rclpy_executors
[7.539s] Installing custom_callback_group script to /home/srooney/Documents/rbe500/hw1/install/examples_rclpy_executors/lib/examples_rclpy_executors
[7.539s] Installing custom_executor script to /home/srooney/Documents/rbe500/hw1/install/examples_rclpy_executors/lib/examples_rclpy_executors
[7.539s] Installing listener script to /home/srooney/Documents/rbe500/hw1/install/examples_rclpy_executors/lib/examples_rclpy_executors
[7.539s] Installing talker script to /home/srooney/Documents/rbe500/hw1/install/examples_rclpy_executors/lib/examples_rclpy_executors
[7.539s] 
[7.539s] Installed /home/srooney/Documents/rbe500/hw1/build/examples_rclpy_executors
[7.540s] running install_data
[7.591s] Invoked command in '/home/srooney/Documents/rbe500/hw1/build/examples_rclpy_executors' returned '0': PYTHONPATH=/home/srooney/Documents/rbe500/hw1/build/examples_rclpy_executors/prefix_override:/home/srooney/Documents/rbe500/hw1/install/examples_rclpy_executors/lib/python3.10/site-packages:${PYTHONPATH} /usr/bin/python3 setup.py develop --editable --build-directory /home/srooney/Documents/rbe500/hw1/build/examples_rclpy_executors/build --no-deps install_data
