[2.340s] Invoking command in '/home/srooney/Documents/rbe500/hw1/build/examples_rclpy_pointcloud_publisher': PYTHONPATH=/home/srooney/Documents/rbe500/hw1/build/examples_rclpy_pointcloud_publisher/prefix_override:/home/srooney/Documents/rbe500/hw1/install/examples_rclpy_pointcloud_publisher/lib/python3.10/site-packages:${PYTHONPATH} /usr/bin/python3 setup.py develop --editable --build-directory /home/srooney/Documents/rbe500/hw1/build/examples_rclpy_pointcloud_publisher/build --no-deps install_data
[2.629s] running develop
[2.630s] /usr/lib/python3/dist-packages/setuptools/command/easy_install.py:158: EasyInstallDeprecationWarning: easy_install command is deprecated. Use build and pip and other standards-based tools.
[2.630s]   warnings.warn(
[2.631s] /usr/lib/python3/dist-packages/setuptools/command/install.py:34: SetuptoolsDeprecationWarning: setup.py install is deprecated. Use build and pip and other standards-based tools.
[2.631s]   warnings.warn(
[2.805s] running egg_info
[2.806s] writing examples_rclpy_pointcloud_publisher.egg-info/PKG-INFO
[2.806s] writing dependency_links to examples_rclpy_pointcloud_publisher.egg-info/dependency_links.txt
[2.806s] writing entry points to examples_rclpy_pointcloud_publisher.egg-info/entry_points.txt
[2.807s] writing requirements to examples_rclpy_pointcloud_publisher.egg-info/requires.txt
[2.807s] writing top-level names to examples_rclpy_pointcloud_publisher.egg-info/top_level.txt
[2.809s] reading manifest file 'examples_rclpy_pointcloud_publisher.egg-info/SOURCES.txt'
[2.810s] writing manifest file 'examples_rclpy_pointcloud_publisher.egg-info/SOURCES.txt'
[2.812s] running build_ext
[2.812s] Creating /home/srooney/Documents/rbe500/hw1/install/examples_rclpy_pointcloud_publisher/lib/python3.10/site-packages/examples-rclpy-pointcloud-publisher.egg-link (link to .)
[2.814s] Installing pointcloud_publisher script to /home/srooney/Documents/rbe500/hw1/install/examples_rclpy_pointcloud_publisher/lib/examples_rclpy_pointcloud_publisher
[2.814s] 
[2.814s] Installed /home/srooney/Documents/rbe500/hw1/build/examples_rclpy_pointcloud_publisher
[2.814s] running install_data
[2.920s] Invoked command in '/home/srooney/Documents/rbe500/hw1/build/examples_rclpy_pointcloud_publisher' returned '0': PYTHONPATH=/home/srooney/Documents/rbe500/hw1/build/examples_rclpy_pointcloud_publisher/prefix_override:/home/srooney/Documents/rbe500/hw1/install/examples_rclpy_pointcloud_publisher/lib/python3.10/site-packages:${PYTHONPATH} /usr/bin/python3 setup.py develop --editable --build-directory /home/srooney/Documents/rbe500/hw1/build/examples_rclpy_pointcloud_publisher/build --no-deps install_data
