[2.514s] Invoking command in '/home/srooney/Documents/rbe500/hw1/build/examples_rclpy_minimal_client': PYTHONPATH=/home/srooney/Documents/rbe500/hw1/build/examples_rclpy_minimal_client/prefix_override:/home/srooney/Documents/rbe500/hw1/install/examples_rclpy_minimal_client/lib/python3.10/site-packages:${PYTHONPATH} /usr/bin/python3 setup.py develop --editable --build-directory /home/srooney/Documents/rbe500/hw1/build/examples_rclpy_minimal_client/build --no-deps install_data
[2.804s] running develop
[2.805s] /usr/lib/python3/dist-packages/setuptools/command/easy_install.py:158: EasyInstallDeprecationWarning: easy_install command is deprecated. Use build and pip and other standards-based tools.
[2.805s]   warnings.warn(
[2.806s] /usr/lib/python3/dist-packages/setuptools/command/install.py:34: SetuptoolsDeprecationWarning: setup.py install is deprecated. Use build and pip and other standards-based tools.
[2.806s]   warnings.warn(
[2.978s] running egg_info
[2.978s] writing examples_rclpy_minimal_client.egg-info/PKG-INFO
[2.979s] writing dependency_links to examples_rclpy_minimal_client.egg-info/dependency_links.txt
[2.979s] writing entry points to examples_rclpy_minimal_client.egg-info/entry_points.txt
[2.979s] writing requirements to examples_rclpy_minimal_client.egg-info/requires.txt
[2.980s] writing top-level names to examples_rclpy_minimal_client.egg-info/top_level.txt
[2.982s] reading manifest file 'examples_rclpy_minimal_client.egg-info/SOURCES.txt'
[2.984s] writing manifest file 'examples_rclpy_minimal_client.egg-info/SOURCES.txt'
[2.986s] running build_ext
[2.986s] Creating /home/srooney/Documents/rbe500/hw1/install/examples_rclpy_minimal_client/lib/python3.10/site-packages/examples-rclpy-minimal-client.egg-link (link to .)
[2.987s] Installing client script to /home/srooney/Documents/rbe500/hw1/install/examples_rclpy_minimal_client/lib/examples_rclpy_minimal_client
[2.988s] Installing client_async script to /home/srooney/Documents/rbe500/hw1/install/examples_rclpy_minimal_client/lib/examples_rclpy_minimal_client
[2.988s] Installing client_async_callback script to /home/srooney/Documents/rbe500/hw1/install/examples_rclpy_minimal_client/lib/examples_rclpy_minimal_client
[2.988s] Installing client_async_member_function script to /home/srooney/Documents/rbe500/hw1/install/examples_rclpy_minimal_client/lib/examples_rclpy_minimal_client
[2.989s] 
[2.989s] Installed /home/srooney/Documents/rbe500/hw1/build/examples_rclpy_minimal_client
[2.989s] running install_data
[3.102s] Invoked command in '/home/srooney/Documents/rbe500/hw1/build/examples_rclpy_minimal_client' returned '0': PYTHONPATH=/home/srooney/Documents/rbe500/hw1/build/examples_rclpy_minimal_client/prefix_override:/home/srooney/Documents/rbe500/hw1/install/examples_rclpy_minimal_client/lib/python3.10/site-packages:${PYTHONPATH} /usr/bin/python3 setup.py develop --editable --build-directory /home/srooney/Documents/rbe500/hw1/build/examples_rclpy_minimal_client/build --no-deps install_data
