[2.552s] Invoking command in '/home/srooney/Documents/rbe500/hw1/build/examples_rclpy_executors': PYTHONPATH=/home/srooney/Documents/rbe500/hw1/build/examples_rclpy_executors/prefix_override:/home/srooney/Documents/rbe500/hw1/install/examples_rclpy_executors/lib/python3.10/site-packages:${PYTHONPATH} /usr/bin/python3 setup.py develop --editable --build-directory /home/srooney/Documents/rbe500/hw1/build/examples_rclpy_executors/build --no-deps install_data
[3.072s] running develop
[3.079s] /usr/lib/python3/dist-packages/setuptools/command/easy_install.py:158: EasyInstallDeprecationWarning: easy_install command is deprecated. Use build and pip and other standards-based tools.
[3.080s]   warnings.warn(
[3.080s] /usr/lib/python3/dist-packages/setuptools/command/install.py:34: SetuptoolsDeprecationWarning: setup.py install is deprecated. Use build and pip and other standards-based tools.
[3.080s]   warnings.warn(
[3.726s] running egg_info
[3.726s] creating examples_rclpy_executors.egg-info
[3.738s] writing examples_rclpy_executors.egg-info/PKG-INFO
[3.738s] writing dependency_links to examples_rclpy_executors.egg-info/dependency_links.txt
[3.738s] writing entry points to examples_rclpy_executors.egg-info/entry_points.txt
[3.738s] writing requirements to examples_rclpy_executors.egg-info/requires.txt
[3.738s] writing top-level names to examples_rclpy_executors.egg-info/top_level.txt
[3.739s] writing manifest file 'examples_rclpy_executors.egg-info/SOURCES.txt'
[3.739s] reading manifest file 'examples_rclpy_executors.egg-info/SOURCES.txt'
[3.739s] writing manifest file 'examples_rclpy_executors.egg-info/SOURCES.txt'
[3.739s] running build_ext
[3.739s] Creating /home/srooney/Documents/rbe500/hw1/install/examples_rclpy_executors/lib/python3.10/site-packages/examples-rclpy-executors.egg-link (link to .)
[3.739s] Installing callback_group script to /home/srooney/Documents/rbe500/hw1/install/examples_rclpy_executors/lib/examples_rclpy_executors
[3.739s] Installing composed script to /home/srooney/Documents/rbe500/hw1/install/examples_rclpy_executors/lib/examples_rclpy_executors
[3.740s] Installing custom_callback_group script to /home/srooney/Documents/rbe500/hw1/install/examples_rclpy_executors/lib/examples_rclpy_executors
[3.740s] Installing custom_executor script to /home/srooney/Documents/rbe500/hw1/install/examples_rclpy_executors/lib/examples_rclpy_executors
[3.740s] Installing listener script to /home/srooney/Documents/rbe500/hw1/install/examples_rclpy_executors/lib/examples_rclpy_executors
[3.740s] Installing talker script to /home/srooney/Documents/rbe500/hw1/install/examples_rclpy_executors/lib/examples_rclpy_executors
[3.740s] 
[3.740s] Installed /home/srooney/Documents/rbe500/hw1/build/examples_rclpy_executors
[3.740s] running install_data
[3.741s] creating /home/srooney/Documents/rbe500/hw1/install/examples_rclpy_executors/share/ament_index
[3.741s] creating /home/srooney/Documents/rbe500/hw1/install/examples_rclpy_executors/share/ament_index/resource_index
[3.741s] creating /home/srooney/Documents/rbe500/hw1/install/examples_rclpy_executors/share/ament_index/resource_index/packages
[3.741s] copying resource/examples_rclpy_executors -> /home/srooney/Documents/rbe500/hw1/install/examples_rclpy_executors/share/ament_index/resource_index/packages
[3.741s] copying package.xml -> /home/srooney/Documents/rbe500/hw1/install/examples_rclpy_executors/share/examples_rclpy_executors
[3.937s] Invoked command in '/home/srooney/Documents/rbe500/hw1/build/examples_rclpy_executors' returned '0': PYTHONPATH=/home/srooney/Documents/rbe500/hw1/build/examples_rclpy_executors/prefix_override:/home/srooney/Documents/rbe500/hw1/install/examples_rclpy_executors/lib/python3.10/site-packages:${PYTHONPATH} /usr/bin/python3 setup.py develop --editable --build-directory /home/srooney/Documents/rbe500/hw1/build/examples_rclpy_executors/build --no-deps install_data
