[3.250s] Invoking command in '/home/srooney/Documents/rbe500/hw1/build/examples_rclpy_minimal_action_client': PYTHONPATH=/home/srooney/Documents/rbe500/hw1/build/examples_rclpy_minimal_action_client/prefix_override:/home/srooney/Documents/rbe500/hw1/install/examples_rclpy_minimal_action_client/lib/python3.10/site-packages:${PYTHONPATH} /usr/bin/python3 setup.py develop --editable --build-directory /home/srooney/Documents/rbe500/hw1/build/examples_rclpy_minimal_action_client/build --no-deps install_data
[7.523s] running develop
[7.523s] running egg_info
[7.523s] writing examples_rclpy_minimal_action_client.egg-info/PKG-INFO
[7.523s] writing dependency_links to examples_rclpy_minimal_action_client.egg-info/dependency_links.txt
[7.523s] writing entry points to examples_rclpy_minimal_action_client.egg-info/entry_points.txt
[7.523s] writing requirements to examples_rclpy_minimal_action_client.egg-info/requires.txt
[7.523s] writing top-level names to examples_rclpy_minimal_action_client.egg-info/top_level.txt
[7.523s] reading manifest file 'examples_rclpy_minimal_action_client.egg-info/SOURCES.txt'
[7.524s] writing manifest file 'examples_rclpy_minimal_action_client.egg-info/SOURCES.txt'
[7.524s] running build_ext
[7.524s] Creating /home/srooney/Documents/rbe500/hw1/install/examples_rclpy_minimal_action_client/lib/python3.10/site-packages/examples-rclpy-minimal-action-client.egg-link (link to .)
[7.524s] Installing client script to /home/srooney/Documents/rbe500/hw1/install/examples_rclpy_minimal_action_client/lib/examples_rclpy_minimal_action_client
[7.524s] Installing client_asyncio script to /home/srooney/Documents/rbe500/hw1/install/examples_rclpy_minimal_action_client/lib/examples_rclpy_minimal_action_client
[7.524s] Installing client_cancel script to /home/srooney/Documents/rbe500/hw1/install/examples_rclpy_minimal_action_client/lib/examples_rclpy_minimal_action_client
[7.524s] Installing client_not_composable script to /home/srooney/Documents/rbe500/hw1/install/examples_rclpy_minimal_action_client/lib/examples_rclpy_minimal_action_client
[7.524s] 
[7.524s] Installed /home/srooney/Documents/rbe500/hw1/build/examples_rclpy_minimal_action_client
[7.524s] running install_data
[7.526s] /usr/lib/python3/dist-packages/setuptools/command/easy_install.py:158: EasyInstallDeprecationWarning: easy_install command is deprecated. Use build and pip and other standards-based tools.
[7.526s]   warnings.warn(
[7.526s] /usr/lib/python3/dist-packages/setuptools/command/install.py:34: SetuptoolsDeprecationWarning: setup.py install is deprecated. Use build and pip and other standards-based tools.
[7.526s]   warnings.warn(
[7.617s] Invoked command in '/home/srooney/Documents/rbe500/hw1/build/examples_rclpy_minimal_action_client' returned '0': PYTHONPATH=/home/srooney/Documents/rbe500/hw1/build/examples_rclpy_minimal_action_client/prefix_override:/home/srooney/Documents/rbe500/hw1/install/examples_rclpy_minimal_action_client/lib/python3.10/site-packages:${PYTHONPATH} /usr/bin/python3 setup.py develop --editable --build-directory /home/srooney/Documents/rbe500/hw1/build/examples_rclpy_minimal_action_client/build --no-deps install_data
