[0.126s] Invoking command in '/home/srooney/Documents/rbe500/hw1/build/examples_rclcpp_async_client': CMAKE_PREFIX_PATH=/opt/ros/humble /usr/bin/cmake --build /home/srooney/Documents/rbe500/hw1/build/examples_rclcpp_async_client -- -j16 -l16
[2.507s] [ 50%] [32mBuilding CXX object CMakeFiles/client_main.dir/main.cpp.o[0m
[7.313s] [100%] [32m[1mLinking CXX executable client_main[0m
[7.590s] [100%] Built target client_main
[7.613s] Invoked command in '/home/srooney/Documents/rbe500/hw1/build/examples_rclcpp_async_client' returned '0': CMAKE_PREFIX_PATH=/opt/ros/humble /usr/bin/cmake --build /home/srooney/Documents/rbe500/hw1/build/examples_rclcpp_async_client -- -j16 -l16
[7.834s] Invoking command in '/home/srooney/Documents/rbe500/hw1/build/examples_rclcpp_async_client': CMAKE_PREFIX_PATH=/opt/ros/humble /usr/bin/cmake --install /home/srooney/Documents/rbe500/hw1/build/examples_rclcpp_async_client
[7.845s] -- Install configuration: ""
[7.845s] -- Execute custom install script
[7.846s] -- Symlinking: /home/srooney/Documents/rbe500/hw1/install/examples_rclcpp_async_client/lib/examples_rclcpp_async_client/client_main
[7.860s] -- Symlinking: /home/srooney/Documents/rbe500/hw1/install/examples_rclcpp_async_client/share/ament_index/resource_index/package_run_dependencies/examples_rclcpp_async_client
[7.873s] -- Symlinking: /home/srooney/Documents/rbe500/hw1/install/examples_rclcpp_async_client/share/ament_index/resource_index/parent_prefix_path/examples_rclcpp_async_client
[7.883s] -- Symlinking: /home/srooney/Documents/rbe500/hw1/install/examples_rclcpp_async_client/share/examples_rclcpp_async_client/environment/ament_prefix_path.sh
[7.893s] -- Symlinking: /home/srooney/Documents/rbe500/hw1/install/examples_rclcpp_async_client/share/examples_rclcpp_async_client/environment/ament_prefix_path.dsv
[7.903s] -- Symlinking: /home/srooney/Documents/rbe500/hw1/install/examples_rclcpp_async_client/share/examples_rclcpp_async_client/environment/path.sh
[7.917s] -- Symlinking: /home/srooney/Documents/rbe500/hw1/install/examples_rclcpp_async_client/share/examples_rclcpp_async_client/environment/path.dsv
[7.923s] -- Symlinking: /home/srooney/Documents/rbe500/hw1/install/examples_rclcpp_async_client/share/examples_rclcpp_async_client/local_setup.bash
[7.933s] -- Symlinking: /home/srooney/Documents/rbe500/hw1/install/examples_rclcpp_async_client/share/examples_rclcpp_async_client/local_setup.sh
[7.943s] -- Symlinking: /home/srooney/Documents/rbe500/hw1/install/examples_rclcpp_async_client/share/examples_rclcpp_async_client/local_setup.zsh
[7.955s] -- Symlinking: /home/srooney/Documents/rbe500/hw1/install/examples_rclcpp_async_client/share/examples_rclcpp_async_client/local_setup.dsv
[7.965s] -- Symlinking: /home/srooney/Documents/rbe500/hw1/install/examples_rclcpp_async_client/share/examples_rclcpp_async_client/package.dsv
[7.975s] -- Symlinking: /home/srooney/Documents/rbe500/hw1/install/examples_rclcpp_async_client/share/ament_index/resource_index/packages/examples_rclcpp_async_client
[7.985s] -- Symlinking: /home/srooney/Documents/rbe500/hw1/install/examples_rclcpp_async_client/share/examples_rclcpp_async_client/cmake/examples_rclcpp_async_clientConfig.cmake
[7.996s] -- Symlinking: /home/srooney/Documents/rbe500/hw1/install/examples_rclcpp_async_client/share/examples_rclcpp_async_client/cmake/examples_rclcpp_async_clientConfig-version.cmake
[8.006s] -- Symlinking: /home/srooney/Documents/rbe500/hw1/install/examples_rclcpp_async_client/share/examples_rclcpp_async_client/package.xml
[9.381s] Invoked command in '/home/srooney/Documents/rbe500/hw1/build/examples_rclcpp_async_client' returned '0': CMAKE_PREFIX_PATH=/opt/ros/humble /usr/bin/cmake --install /home/srooney/Documents/rbe500/hw1/build/examples_rclcpp_async_client
