[0.115s] Invoking command in '/home/srooney/Documents/rbe500/hw1/build/examples_rclcpp_minimal_action_server': CMAKE_PREFIX_PATH=/opt/ros/humble /usr/bin/cmake --build /home/srooney/Documents/rbe500/hw1/build/examples_rclcpp_minimal_action_server -- -j16 -l16
[1.581s] [35m[1mConsolidate compiler generated dependencies of target action_server_not_composable[0m
[1.582s] [35m[1mConsolidate compiler generated dependencies of target action_server_member_functions[0m
[1.582s] [ 50%] Built target action_server_not_composable
[1.583s] [100%] Built target action_server_member_functions
[1.609s] Invoked command in '/home/srooney/Documents/rbe500/hw1/build/examples_rclcpp_minimal_action_server' returned '0': CMAKE_PREFIX_PATH=/opt/ros/humble /usr/bin/cmake --build /home/srooney/Documents/rbe500/hw1/build/examples_rclcpp_minimal_action_server -- -j16 -l16
[1.678s] Invoking command in '/home/srooney/Documents/rbe500/hw1/build/examples_rclcpp_minimal_action_server': CMAKE_PREFIX_PATH=/opt/ros/humble /usr/bin/cmake --install /home/srooney/Documents/rbe500/hw1/build/examples_rclcpp_minimal_action_server
[1.694s] -- Install configuration: ""
[1.699s] -- Execute custom install script
[1.702s] -- Up-to-date symlink: /home/srooney/Documents/rbe500/hw1/install/examples_rclcpp_minimal_action_server/lib/examples_rclcpp_minimal_action_server/action_server_not_composable
[1.706s] -- Up-to-date symlink: /home/srooney/Documents/rbe500/hw1/install/examples_rclcpp_minimal_action_server/lib/examples_rclcpp_minimal_action_server/action_server_member_functions
[1.707s] -- Up-to-date symlink: /home/srooney/Documents/rbe500/hw1/install/examples_rclcpp_minimal_action_server/share/ament_index/resource_index/package_run_dependencies/examples_rclcpp_minimal_action_server
[1.710s] -- Up-to-date symlink: /home/srooney/Documents/rbe500/hw1/install/examples_rclcpp_minimal_action_server/share/ament_index/resource_index/parent_prefix_path/examples_rclcpp_minimal_action_server
[1.712s] -- Up-to-date symlink: /home/srooney/Documents/rbe500/hw1/install/examples_rclcpp_minimal_action_server/share/examples_rclcpp_minimal_action_server/environment/ament_prefix_path.sh
[1.713s] -- Up-to-date symlink: /home/srooney/Documents/rbe500/hw1/install/examples_rclcpp_minimal_action_server/share/examples_rclcpp_minimal_action_server/environment/ament_prefix_path.dsv
[1.713s] -- Up-to-date symlink: /home/srooney/Documents/rbe500/hw1/install/examples_rclcpp_minimal_action_server/share/examples_rclcpp_minimal_action_server/environment/path.sh
[1.713s] -- Up-to-date symlink: /home/srooney/Documents/rbe500/hw1/install/examples_rclcpp_minimal_action_server/share/examples_rclcpp_minimal_action_server/environment/path.dsv
[1.714s] -- Up-to-date symlink: /home/srooney/Documents/rbe500/hw1/install/examples_rclcpp_minimal_action_server/share/examples_rclcpp_minimal_action_server/local_setup.bash
[1.718s] -- Up-to-date symlink: /home/srooney/Documents/rbe500/hw1/install/examples_rclcpp_minimal_action_server/share/examples_rclcpp_minimal_action_server/local_setup.sh
[1.718s] -- Up-to-date symlink: /home/srooney/Documents/rbe500/hw1/install/examples_rclcpp_minimal_action_server/share/examples_rclcpp_minimal_action_server/local_setup.zsh
[1.719s] -- Up-to-date symlink: /home/srooney/Documents/rbe500/hw1/install/examples_rclcpp_minimal_action_server/share/examples_rclcpp_minimal_action_server/local_setup.dsv
[1.719s] -- Symlinking: /home/srooney/Documents/rbe500/hw1/install/examples_rclcpp_minimal_action_server/share/examples_rclcpp_minimal_action_server/package.dsv
[1.753s] -- Up-to-date symlink: /home/srooney/Documents/rbe500/hw1/install/examples_rclcpp_minimal_action_server/share/ament_index/resource_index/packages/examples_rclcpp_minimal_action_server
[1.753s] -- Up-to-date symlink: /home/srooney/Documents/rbe500/hw1/install/examples_rclcpp_minimal_action_server/share/examples_rclcpp_minimal_action_server/cmake/examples_rclcpp_minimal_action_serverConfig.cmake
[1.754s] -- Up-to-date symlink: /home/srooney/Documents/rbe500/hw1/install/examples_rclcpp_minimal_action_server/share/examples_rclcpp_minimal_action_server/cmake/examples_rclcpp_minimal_action_serverConfig-version.cmake
[1.754s] -- Up-to-date symlink: /home/srooney/Documents/rbe500/hw1/install/examples_rclcpp_minimal_action_server/share/examples_rclcpp_minimal_action_server/package.xml
[1.771s] Invoked command in '/home/srooney/Documents/rbe500/hw1/build/examples_rclcpp_minimal_action_server' returned '0': CMAKE_PREFIX_PATH=/opt/ros/humble /usr/bin/cmake --install /home/srooney/Documents/rbe500/hw1/build/examples_rclcpp_minimal_action_server
