[0.113s] Invoking command in '/home/srooney/Documents/rbe500/hw1/build/examples_rclcpp_minimal_client': CMAKE_PREFIX_PATH=/opt/ros/humble /usr/bin/cmake /home/srooney/Documents/rbe500/hw1/src/examples/rclcpp/services/minimal_client -DAMENT_CMAKE_SYMLINK_INSTALL=1 -DCMAKE_INSTALL_PREFIX=/home/srooney/Documents/rbe500/hw1/install/examples_rclcpp_minimal_client
[1.896s] -- The C compiler identification is GNU 11.4.0
[1.896s] -- The CXX compiler identification is GNU 11.4.0
[1.896s] -- Detecting C compiler ABI info
[1.896s] -- Detecting C compiler ABI info - done
[1.897s] -- Check for working C compiler: /usr/bin/cc - skipped
[1.897s] -- Detecting C compile features
[1.897s] -- Detecting C compile features - done
[1.897s] -- Detecting CXX compiler ABI info
[1.897s] -- Detecting CXX compiler ABI info - done
[1.897s] -- Check for working CXX compiler: /usr/bin/c++ - skipped
[1.897s] -- Detecting CXX compile features
[1.897s] -- Detecting CXX compile features - done
[1.897s] -- Found ament_cmake: 1.3.5 (/opt/ros/humble/share/ament_cmake/cmake)
[1.898s] -- Found Python3: /usr/bin/python3.10 (found version "3.10.12") found components: Interpreter 
[1.898s] -- Override CMake install command with custom implementation using symlinks instead of copying resources
[1.899s] -- Found example_interfaces: 0.9.3 (/opt/ros/humble/share/example_interfaces/cmake)
[1.899s] -- Found rosidl_generator_c: 3.1.5 (/opt/ros/humble/share/rosidl_generator_c/cmake)
[1.899s] -- Found rosidl_adapter: 3.1.5 (/opt/ros/humble/share/rosidl_adapter/cmake)
[1.901s] -- Found rosidl_generator_cpp: 3.1.5 (/opt/ros/humble/share/rosidl_generator_cpp/cmake)
[1.901s] -- Using all available rosidl_typesupport_c: rosidl_typesupport_fastrtps_c;rosidl_typesupport_introspection_c
[1.902s] -- Using all available rosidl_typesupport_cpp: rosidl_typesupport_fastrtps_cpp;rosidl_typesupport_introspection_cpp
[1.902s] -- Found rclcpp: 16.0.5 (/opt/ros/humble/share/rclcpp/cmake)
[1.903s] -- Found rmw_implementation_cmake: 6.1.1 (/opt/ros/humble/share/rmw_implementation_cmake/cmake)
[1.903s] -- Found rmw_fastrtps_cpp: 6.2.3 (/opt/ros/humble/share/rmw_fastrtps_cpp/cmake)
[1.904s] -- Found OpenSSL: /usr/lib/x86_64-linux-gnu/libcrypto.so (found version "3.0.2")  
[1.904s] -- Found FastRTPS: /opt/ros/humble/include  
[1.904s] -- Using RMW implementation 'rmw_fastrtps_cpp' as default
[1.904s] -- Looking for pthread.h
[1.978s] -- Looking for pthread.h - found
[1.979s] -- Performing Test CMAKE_HAVE_LIBC_PTHREAD
[2.107s] -- Performing Test CMAKE_HAVE_LIBC_PTHREAD - Success
[2.108s] -- Found Threads: TRUE  
[2.467s] -- Found ament_lint_auto: 0.12.7 (/opt/ros/humble/share/ament_lint_auto/cmake)
[2.661s] -- Added test 'copyright' to check source files copyright and LICENSE
[2.663s] -- Added test 'cppcheck' to perform static code analysis on C / C++ code
[2.663s] -- Configured cppcheck include dirs: 
[2.663s] -- Configured cppcheck exclude dirs and/or files: 
[2.665s] -- Added test 'cpplint' to check C / C++ code against the Google style
[2.665s] -- Configured cpplint exclude dirs and/or files: 
[2.666s] -- Added test 'lint_cmake' to check CMake code style
[2.668s] -- Added test 'uncrustify' to check C / C++ code style
[2.668s] -- Configured uncrustify additional arguments: 
[2.669s] -- Added test 'xmllint' to check XML markup files
[2.672s] -- Configuring done
[2.692s] -- Generating done
[2.696s] -- Build files have been written to: /home/srooney/Documents/rbe500/hw1/build/examples_rclcpp_minimal_client
[2.745s] Invoked command in '/home/srooney/Documents/rbe500/hw1/build/examples_rclcpp_minimal_client' returned '0': CMAKE_PREFIX_PATH=/opt/ros/humble /usr/bin/cmake /home/srooney/Documents/rbe500/hw1/src/examples/rclcpp/services/minimal_client -DAMENT_CMAKE_SYMLINK_INSTALL=1 -DCMAKE_INSTALL_PREFIX=/home/srooney/Documents/rbe500/hw1/install/examples_rclcpp_minimal_client
[2.746s] Invoking command in '/home/srooney/Documents/rbe500/hw1/build/examples_rclcpp_minimal_client': CMAKE_PREFIX_PATH=/opt/ros/humble /usr/bin/cmake --build /home/srooney/Documents/rbe500/hw1/build/examples_rclcpp_minimal_client -- -j16 -l16
[3.230s] [ 50%] [32mBuilding CXX object CMakeFiles/client_main.dir/main.cpp.o[0m
