[2.442s] Invoking command in '/home/srooney/Documents/rbe500/hw1/build/examples_rclpy_minimal_service': PYTHONPATH=/home/srooney/Documents/rbe500/hw1/build/examples_rclpy_minimal_service/prefix_override:/home/srooney/Documents/rbe500/hw1/install/examples_rclpy_minimal_service/lib/python3.10/site-packages:${PYTHONPATH} /usr/bin/python3 setup.py develop --editable --build-directory /home/srooney/Documents/rbe500/hw1/build/examples_rclpy_minimal_service/build --no-deps install_data
[2.724s] running develop
[2.724s] /usr/lib/python3/dist-packages/setuptools/command/easy_install.py:158: EasyInstallDeprecationWarning: easy_install command is deprecated. Use build and pip and other standards-based tools.
[2.724s]   warnings.warn(
[2.725s] /usr/lib/python3/dist-packages/setuptools/command/install.py:34: SetuptoolsDeprecationWarning: setup.py install is deprecated. Use build and pip and other standards-based tools.
[2.726s]   warnings.warn(
[2.892s] running egg_info
[2.892s] writing examples_rclpy_minimal_service.egg-info/PKG-INFO
[2.892s] writing dependency_links to examples_rclpy_minimal_service.egg-info/dependency_links.txt
[2.892s] writing entry points to examples_rclpy_minimal_service.egg-info/entry_points.txt
[2.893s] writing requirements to examples_rclpy_minimal_service.egg-info/requires.txt
[2.893s] writing top-level names to examples_rclpy_minimal_service.egg-info/top_level.txt
[2.895s] reading manifest file 'examples_rclpy_minimal_service.egg-info/SOURCES.txt'
[2.895s] writing manifest file 'examples_rclpy_minimal_service.egg-info/SOURCES.txt'
[2.897s] running build_ext
[2.897s] Creating /home/srooney/Documents/rbe500/hw1/install/examples_rclpy_minimal_service/lib/python3.10/site-packages/examples-rclpy-minimal-service.egg-link (link to .)
[2.899s] Installing service script to /home/srooney/Documents/rbe500/hw1/install/examples_rclpy_minimal_service/lib/examples_rclpy_minimal_service
[2.899s] Installing service_member_function script to /home/srooney/Documents/rbe500/hw1/install/examples_rclpy_minimal_service/lib/examples_rclpy_minimal_service
[2.900s] 
[2.900s] Installed /home/srooney/Documents/rbe500/hw1/build/examples_rclpy_minimal_service
[2.900s] running install_data
[2.949s] Invoked command in '/home/srooney/Documents/rbe500/hw1/build/examples_rclpy_minimal_service' returned '0': PYTHONPATH=/home/srooney/Documents/rbe500/hw1/build/examples_rclpy_minimal_service/prefix_override:/home/srooney/Documents/rbe500/hw1/install/examples_rclpy_minimal_service/lib/python3.10/site-packages:${PYTHONPATH} /usr/bin/python3 setup.py develop --editable --build-directory /home/srooney/Documents/rbe500/hw1/build/examples_rclpy_minimal_service/build --no-deps install_data
