[2.533s] Invoking command in '/home/srooney/Documents/rbe500/hw1/build/examples_rclpy_guard_conditions': PYTHONPATH=/home/srooney/Documents/rbe500/hw1/build/examples_rclpy_guard_conditions/prefix_override:/home/srooney/Documents/rbe500/hw1/install/examples_rclpy_guard_conditions/lib/python3.10/site-packages:${PYTHONPATH} /usr/bin/python3 setup.py develop --editable --build-directory /home/srooney/Documents/rbe500/hw1/build/examples_rclpy_guard_conditions/build --no-deps install_data
[3.097s] running develop
[3.098s] /usr/lib/python3/dist-packages/setuptools/command/easy_install.py:158: EasyInstallDeprecationWarning: easy_install command is deprecated. Use build and pip and other standards-based tools.
[3.098s]   warnings.warn(
[3.101s] /usr/lib/python3/dist-packages/setuptools/command/install.py:34: SetuptoolsDeprecationWarning: setup.py install is deprecated. Use build and pip and other standards-based tools.
[3.102s]   warnings.warn(
[3.466s] running egg_info
[3.466s] creating examples_rclpy_guard_conditions.egg-info
[3.466s] writing examples_rclpy_guard_conditions.egg-info/PKG-INFO
[3.466s] writing dependency_links to examples_rclpy_guard_conditions.egg-info/dependency_links.txt
[3.467s] writing entry points to examples_rclpy_guard_conditions.egg-info/entry_points.txt
[3.467s] writing requirements to examples_rclpy_guard_conditions.egg-info/requires.txt
[3.467s] writing top-level names to examples_rclpy_guard_conditions.egg-info/top_level.txt
[3.467s] writing manifest file 'examples_rclpy_guard_conditions.egg-info/SOURCES.txt'
[3.470s] reading manifest file 'examples_rclpy_guard_conditions.egg-info/SOURCES.txt'
[3.471s] writing manifest file 'examples_rclpy_guard_conditions.egg-info/SOURCES.txt'
[3.473s] running build_ext
[3.474s] Creating /home/srooney/Documents/rbe500/hw1/install/examples_rclpy_guard_conditions/lib/python3.10/site-packages/examples-rclpy-guard-conditions.egg-link (link to .)
[3.475s] Installing trigger_guard_condition script to /home/srooney/Documents/rbe500/hw1/install/examples_rclpy_guard_conditions/lib/examples_rclpy_guard_conditions
[3.476s] 
[3.476s] Installed /home/srooney/Documents/rbe500/hw1/build/examples_rclpy_guard_conditions
[3.476s] running install_data
[3.476s] creating /home/srooney/Documents/rbe500/hw1/install/examples_rclpy_guard_conditions/share/ament_index
[3.484s] creating /home/srooney/Documents/rbe500/hw1/install/examples_rclpy_guard_conditions/share/ament_index/resource_index
[3.484s] creating /home/srooney/Documents/rbe500/hw1/install/examples_rclpy_guard_conditions/share/ament_index/resource_index/packages
[3.484s] copying resource/examples_rclpy_guard_conditions -> /home/srooney/Documents/rbe500/hw1/install/examples_rclpy_guard_conditions/share/ament_index/resource_index/packages
[3.484s] copying package.xml -> /home/srooney/Documents/rbe500/hw1/install/examples_rclpy_guard_conditions/share/examples_rclpy_guard_conditions
[3.590s] Invoked command in '/home/srooney/Documents/rbe500/hw1/build/examples_rclpy_guard_conditions' returned '0': PYTHONPATH=/home/srooney/Documents/rbe500/hw1/build/examples_rclpy_guard_conditions/prefix_override:/home/srooney/Documents/rbe500/hw1/install/examples_rclpy_guard_conditions/lib/python3.10/site-packages:${PYTHONPATH} /usr/bin/python3 setup.py develop --editable --build-directory /home/srooney/Documents/rbe500/hw1/build/examples_rclpy_guard_conditions/build --no-deps install_data
