[2.520s] Invoking command in '/home/srooney/Documents/rbe500/hw1/build/examples_rclpy_minimal_action_server': PYTHONPATH=/home/srooney/Documents/rbe500/hw1/build/examples_rclpy_minimal_action_server/prefix_override:/home/srooney/Documents/rbe500/hw1/install/examples_rclpy_minimal_action_server/lib/python3.10/site-packages:${PYTHONPATH} /usr/bin/python3 setup.py develop --editable --build-directory /home/srooney/Documents/rbe500/hw1/build/examples_rclpy_minimal_action_server/build --no-deps install_data
[3.818s] /usr/lib/python3/dist-packages/setuptools/command/easy_install.py:158: EasyInstallDeprecationWarning: easy_install command is deprecated. Use build and pip and other standards-based tools.
[3.819s]   warnings.warn(
[3.819s] /usr/lib/python3/dist-packages/setuptools/command/install.py:34: SetuptoolsDeprecationWarning: setup.py install is deprecated. Use build and pip and other standards-based tools.
[3.819s]   warnings.warn(
[3.819s] running develop
[5.147s] running egg_info
[5.147s] creating examples_rclpy_minimal_action_server.egg-info
[5.147s] writing examples_rclpy_minimal_action_server.egg-info/PKG-INFO
[5.147s] writing dependency_links to examples_rclpy_minimal_action_server.egg-info/dependency_links.txt
[5.148s] writing entry points to examples_rclpy_minimal_action_server.egg-info/entry_points.txt
[5.148s] writing requirements to examples_rclpy_minimal_action_server.egg-info/requires.txt
[5.148s] writing top-level names to examples_rclpy_minimal_action_server.egg-info/top_level.txt
[5.149s] writing manifest file 'examples_rclpy_minimal_action_server.egg-info/SOURCES.txt'
[5.152s] reading manifest file 'examples_rclpy_minimal_action_server.egg-info/SOURCES.txt'
[5.154s] writing manifest file 'examples_rclpy_minimal_action_server.egg-info/SOURCES.txt'
[5.157s] running build_ext
[5.157s] Creating /home/srooney/Documents/rbe500/hw1/install/examples_rclpy_minimal_action_server/lib/python3.10/site-packages/examples-rclpy-minimal-action-server.egg-link (link to .)
[5.159s] Installing server script to /home/srooney/Documents/rbe500/hw1/install/examples_rclpy_minimal_action_server/lib/examples_rclpy_minimal_action_server
[5.160s] Installing server_defer script to /home/srooney/Documents/rbe500/hw1/install/examples_rclpy_minimal_action_server/lib/examples_rclpy_minimal_action_server
[5.160s] Installing server_not_composable script to /home/srooney/Documents/rbe500/hw1/install/examples_rclpy_minimal_action_server/lib/examples_rclpy_minimal_action_server
[5.160s] Installing server_queue_goals script to /home/srooney/Documents/rbe500/hw1/install/examples_rclpy_minimal_action_server/lib/examples_rclpy_minimal_action_server
[5.161s] Installing server_single_goal script to /home/srooney/Documents/rbe500/hw1/install/examples_rclpy_minimal_action_server/lib/examples_rclpy_minimal_action_server
[5.161s] 
[5.161s] Installed /home/srooney/Documents/rbe500/hw1/build/examples_rclpy_minimal_action_server
[5.161s] running install_data
[5.162s] creating /home/srooney/Documents/rbe500/hw1/install/examples_rclpy_minimal_action_server/share/ament_index
[5.162s] creating /home/srooney/Documents/rbe500/hw1/install/examples_rclpy_minimal_action_server/share/ament_index/resource_index
[5.162s] creating /home/srooney/Documents/rbe500/hw1/install/examples_rclpy_minimal_action_server/share/ament_index/resource_index/packages
[5.162s] copying resource/examples_rclpy_minimal_action_server -> /home/srooney/Documents/rbe500/hw1/install/examples_rclpy_minimal_action_server/share/ament_index/resource_index/packages
[5.163s] copying package.xml -> /home/srooney/Documents/rbe500/hw1/install/examples_rclpy_minimal_action_server/share/examples_rclpy_minimal_action_server
[6.544s] Invoked command in '/home/srooney/Documents/rbe500/hw1/build/examples_rclpy_minimal_action_server' returned '0': PYTHONPATH=/home/srooney/Documents/rbe500/hw1/build/examples_rclpy_minimal_action_server/prefix_override:/home/srooney/Documents/rbe500/hw1/install/examples_rclpy_minimal_action_server/lib/python3.10/site-packages:${PYTHONPATH} /usr/bin/python3 setup.py develop --editable --build-directory /home/srooney/Documents/rbe500/hw1/build/examples_rclpy_minimal_action_server/build --no-deps install_data
