[0.120s] Invoking command in '/home/srooney/Documents/rbe500/hw1/build/examples_rclcpp_cbg_executor': CMAKE_PREFIX_PATH=/opt/ros/humble /usr/bin/cmake --build /home/srooney/Documents/rbe500/hw1/build/examples_rclcpp_cbg_executor -- -j16 -l16
[1.591s] [35m[1mConsolidate compiler generated dependencies of target ping[0m
[1.592s] [35m[1mConsolidate compiler generated dependencies of target pong[0m
[1.592s] [35m[1mConsolidate compiler generated dependencies of target ping_pong[0m
[1.592s] [ 50%] Built target ping_pong
[1.592s] [100%] Built target pong
[1.593s] [100%] Built target ping
[1.616s] Invoked command in '/home/srooney/Documents/rbe500/hw1/build/examples_rclcpp_cbg_executor' returned '0': CMAKE_PREFIX_PATH=/opt/ros/humble /usr/bin/cmake --build /home/srooney/Documents/rbe500/hw1/build/examples_rclcpp_cbg_executor -- -j16 -l16
[1.733s] Invoking command in '/home/srooney/Documents/rbe500/hw1/build/examples_rclcpp_cbg_executor': CMAKE_PREFIX_PATH=/opt/ros/humble /usr/bin/cmake --install /home/srooney/Documents/rbe500/hw1/build/examples_rclcpp_cbg_executor
[1.767s] -- Install configuration: ""
[1.767s] -- Execute custom install script
[1.768s] -- Up-to-date symlink: /home/srooney/Documents/rbe500/hw1/install/examples_rclcpp_cbg_executor/lib/examples_rclcpp_cbg_executor/ping
[1.768s] -- Up-to-date symlink: /home/srooney/Documents/rbe500/hw1/install/examples_rclcpp_cbg_executor/lib/examples_rclcpp_cbg_executor/pong
[1.768s] -- Up-to-date symlink: /home/srooney/Documents/rbe500/hw1/install/examples_rclcpp_cbg_executor/lib/examples_rclcpp_cbg_executor/ping_pong
[1.768s] -- Up-to-date symlink: /home/srooney/Documents/rbe500/hw1/install/examples_rclcpp_cbg_executor/include/examples_rclcpp_cbg_executor/ping_node.hpp
[1.768s] -- Up-to-date symlink: /home/srooney/Documents/rbe500/hw1/install/examples_rclcpp_cbg_executor/include/examples_rclcpp_cbg_executor/pong_node.hpp
[1.768s] -- Up-to-date symlink: /home/srooney/Documents/rbe500/hw1/install/examples_rclcpp_cbg_executor/share/ament_index/resource_index/package_run_dependencies/examples_rclcpp_cbg_executor
[1.769s] -- Up-to-date symlink: /home/srooney/Documents/rbe500/hw1/install/examples_rclcpp_cbg_executor/share/ament_index/resource_index/parent_prefix_path/examples_rclcpp_cbg_executor
[1.769s] -- Up-to-date symlink: /home/srooney/Documents/rbe500/hw1/install/examples_rclcpp_cbg_executor/share/examples_rclcpp_cbg_executor/environment/ament_prefix_path.sh
[1.769s] -- Up-to-date symlink: /home/srooney/Documents/rbe500/hw1/install/examples_rclcpp_cbg_executor/share/examples_rclcpp_cbg_executor/environment/ament_prefix_path.dsv
[1.770s] -- Up-to-date symlink: /home/srooney/Documents/rbe500/hw1/install/examples_rclcpp_cbg_executor/share/examples_rclcpp_cbg_executor/environment/path.sh
[1.770s] -- Up-to-date symlink: /home/srooney/Documents/rbe500/hw1/install/examples_rclcpp_cbg_executor/share/examples_rclcpp_cbg_executor/environment/path.dsv
[1.770s] -- Up-to-date symlink: /home/srooney/Documents/rbe500/hw1/install/examples_rclcpp_cbg_executor/share/examples_rclcpp_cbg_executor/local_setup.bash
[1.770s] -- Up-to-date symlink: /home/srooney/Documents/rbe500/hw1/install/examples_rclcpp_cbg_executor/share/examples_rclcpp_cbg_executor/local_setup.sh
[1.770s] -- Up-to-date symlink: /home/srooney/Documents/rbe500/hw1/install/examples_rclcpp_cbg_executor/share/examples_rclcpp_cbg_executor/local_setup.zsh
[1.770s] -- Up-to-date symlink: /home/srooney/Documents/rbe500/hw1/install/examples_rclcpp_cbg_executor/share/examples_rclcpp_cbg_executor/local_setup.dsv
[1.771s] -- Symlinking: /home/srooney/Documents/rbe500/hw1/install/examples_rclcpp_cbg_executor/share/examples_rclcpp_cbg_executor/package.dsv
[1.780s] -- Up-to-date symlink: /home/srooney/Documents/rbe500/hw1/install/examples_rclcpp_cbg_executor/share/ament_index/resource_index/packages/examples_rclcpp_cbg_executor
[1.780s] -- Up-to-date symlink: /home/srooney/Documents/rbe500/hw1/install/examples_rclcpp_cbg_executor/share/examples_rclcpp_cbg_executor/cmake/ament_cmake_export_dependencies-extras.cmake
[1.780s] -- Up-to-date symlink: /home/srooney/Documents/rbe500/hw1/install/examples_rclcpp_cbg_executor/share/examples_rclcpp_cbg_executor/cmake/examples_rclcpp_cbg_executorConfig.cmake
[1.781s] -- Up-to-date symlink: /home/srooney/Documents/rbe500/hw1/install/examples_rclcpp_cbg_executor/share/examples_rclcpp_cbg_executor/cmake/examples_rclcpp_cbg_executorConfig-version.cmake
[1.781s] -- Up-to-date symlink: /home/srooney/Documents/rbe500/hw1/install/examples_rclcpp_cbg_executor/share/examples_rclcpp_cbg_executor/package.xml
[1.897s] Invoked command in '/home/srooney/Documents/rbe500/hw1/build/examples_rclcpp_cbg_executor' returned '0': CMAKE_PREFIX_PATH=/opt/ros/humble /usr/bin/cmake --install /home/srooney/Documents/rbe500/hw1/build/examples_rclcpp_cbg_executor
