[2.177s] Invoking command in '/home/srooney/Documents/rbe500/hw1/build/examples_rclpy_guard_conditions': PYTHONPATH=/home/srooney/Documents/rbe500/hw1/build/examples_rclpy_guard_conditions/prefix_override:/home/srooney/Documents/rbe500/hw1/install/examples_rclpy_guard_conditions/lib/python3.10/site-packages:${PYTHONPATH} /usr/bin/python3 setup.py develop --editable --build-directory /home/srooney/Documents/rbe500/hw1/build/examples_rclpy_guard_conditions/build --no-deps install_data
[2.488s] running develop
[2.489s] /usr/lib/python3/dist-packages/setuptools/command/easy_install.py:158: EasyInstallDeprecationWarning: easy_install command is deprecated. Use build and pip and other standards-based tools.
[2.489s]   warnings.warn(
[2.489s] /usr/lib/python3/dist-packages/setuptools/command/install.py:34: SetuptoolsDeprecationWarning: setup.py install is deprecated. Use build and pip and other standards-based tools.
[2.490s]   warnings.warn(
[2.616s] running egg_info
[2.616s] writing examples_rclpy_guard_conditions.egg-info/PKG-INFO
[2.616s] writing dependency_links to examples_rclpy_guard_conditions.egg-info/dependency_links.txt
[2.616s] writing entry points to examples_rclpy_guard_conditions.egg-info/entry_points.txt
[2.617s] writing requirements to examples_rclpy_guard_conditions.egg-info/requires.txt
[2.617s] writing top-level names to examples_rclpy_guard_conditions.egg-info/top_level.txt
[2.618s] reading manifest file 'examples_rclpy_guard_conditions.egg-info/SOURCES.txt'
[2.619s] writing manifest file 'examples_rclpy_guard_conditions.egg-info/SOURCES.txt'
[2.621s] running build_ext
[2.621s] Creating /home/srooney/Documents/rbe500/hw1/install/examples_rclpy_guard_conditions/lib/python3.10/site-packages/examples-rclpy-guard-conditions.egg-link (link to .)
[2.622s] Installing trigger_guard_condition script to /home/srooney/Documents/rbe500/hw1/install/examples_rclpy_guard_conditions/lib/examples_rclpy_guard_conditions
[2.623s] 
[2.623s] Installed /home/srooney/Documents/rbe500/hw1/build/examples_rclpy_guard_conditions
[2.623s] running install_data
[4.046s] Invoked command in '/home/srooney/Documents/rbe500/hw1/build/examples_rclpy_guard_conditions' returned '0': PYTHONPATH=/home/srooney/Documents/rbe500/hw1/build/examples_rclpy_guard_conditions/prefix_override:/home/srooney/Documents/rbe500/hw1/install/examples_rclpy_guard_conditions/lib/python3.10/site-packages:${PYTHONPATH} /usr/bin/python3 setup.py develop --editable --build-directory /home/srooney/Documents/rbe500/hw1/build/examples_rclpy_guard_conditions/build --no-deps install_data
